Log file open, 10/09/20 09:50:05
LogInit: Display: Running engine for game: Akintar
LogPlatformFile: Not using cached read wrapper
LogTaskGraph: Started task graph with 5 named threads and 35 total threads with 3 sets of task threads.
LogStats: Stats thread started at 0.374116
LogD3D11RHI: Loaded GFSDK_Aftermath_Lib.x64.dll
LogICUInternationalization: ICU TimeZone Detection - Raw Offset: -8:00, Platform Override: ''
LogPluginManager: Mounting plugin Paper2D
LogPluginManager: Mounting plugin AISupport
LogPluginManager: Mounting plugin LightPropagationVolume
LogPluginManager: Mounting plugin CameraShakePreviewer
LogPluginManager: Mounting plugin ActorLayerUtilities
LogPluginManager: Mounting plugin AnimationSharing
LogPluginManager: Mounting plugin CLionSourceCodeAccess
LogPluginManager: Mounting plugin CodeLiteSourceCodeAccess
LogPluginManager: Mounting plugin GitSourceControl
LogPluginManager: Mounting plugin KDevelopSourceCodeAccess
LogPluginManager: Mounting plugin NullSourceCodeAccess
LogPluginManager: Mounting plugin PerforceSourceControl
LogPluginManager: Mounting plugin PlasticSourceControl
LogPluginManager: Mounting plugin RiderSourceCodeAccess
LogPluginManager: Mounting plugin SubversionSourceControl
LogPluginManager: Mounting plugin UObjectPlugin
LogPluginManager: Mounting plugin VisualStudioCodeSourceCodeAccess
LogPluginManager: Mounting plugin VisualStudioSourceCodeAccess
LogPluginManager: Mounting plugin XCodeSourceCodeAccess
LogPluginManager: Mounting plugin AssetManagerEditor
LogPluginManager: Mounting plugin CryptoKeys
LogPluginManager: Mounting plugin CurveEditorTools
LogPluginManager: Mounting plugin DataValidation
LogPluginManager: Mounting plugin EditorScriptingUtilities
LogPluginManager: Mounting plugin FacialAnimation
LogPluginManager: Mounting plugin GameplayTagsEditor
LogPluginManager: Mounting plugin GeometryMode
LogPluginManager: Mounting plugin MacGraphicsSwitching
LogPluginManager: Mounting plugin MaterialAnalyzer
LogPluginManager: Mounting plugin MobileLauncherProfileWizard
LogPluginManager: Mounting plugin PluginBrowser
LogPluginManager: Mounting plugin SpeedTreeImporter
LogPluginManager: Mounting plugin DatasmithContent
LogPluginManager: Mounting plugin VariantManagerContent
LogPluginManager: Mounting plugin AlembicImporter
LogPluginManager: Mounting plugin AutomationUtils
LogPluginManager: Mounting plugin BackChannel
LogPluginManager: Mounting plugin ChaosCloth
LogPluginManager: Mounting plugin ChaosClothEditor
LogPluginManager: Mounting plugin ChaosEditor
LogPluginManager: Mounting plugin ChaosNiagara
LogPluginManager: Mounting plugin ChaosSolverPlugin
LogPluginManager: Mounting plugin CharacterAI
LogPluginManager: Mounting plugin GeometryCache
LogPluginManager: Mounting plugin GeometryCollectionPlugin
LogPluginManager: Mounting plugin GeometryProcessing
LogPluginManager: Mounting plugin PlanarCut
LogPluginManager: Mounting plugin PlatformCrypto
LogPluginManager: Mounting plugin ProxyLODPlugin
LogPluginManager: Mounting plugin SkeletalReduction
LogPluginManager: Mounting plugin Niagara
LogPluginManager: Mounting plugin MagicLeap
LogPluginManager: Mounting plugin MagicLeapLightEstimation
LogPluginManager: Mounting plugin MagicLeapMedia
LogPluginManager: Mounting plugin MagicLeapPassableWorld
LogPluginManager: Mounting plugin MLSDK
LogPluginManager: Mounting plugin AndroidMedia
LogPluginManager: Mounting plugin AvfMedia
LogPluginManager: Mounting plugin ImgMedia
LogPluginManager: Mounting plugin MediaCompositing
LogPluginManager: Mounting plugin MediaPlayerEditor
LogPluginManager: Mounting plugin WebMMedia
LogPluginManager: Mounting plugin WmfMedia
LogPluginManager: Mounting plugin MeshPainting
LogPluginManager: Mounting plugin TcpMessaging
LogPluginManager: Mounting plugin UdpMessaging
LogPluginManager: Mounting plugin ActorSequence
LogPluginManager: Mounting plugin LevelSequenceEditor
LogPluginManager: Mounting plugin MatineeToLevelSequence
LogPluginManager: Mounting plugin MovieRenderPipeline
LogPluginManager: Mounting plugin TemplateSequence
LogPluginManager: Mounting plugin NetcodeUnitTest
LogPluginManager: Mounting plugin NUTUnrealEngine4
LogPluginManager: Mounting plugin OnlineSubsystemGooglePlay
LogPluginManager: Mounting plugin OnlineSubsystemIOS
LogPluginManager: Mounting plugin OnlineSubsystem
LogPluginManager: Mounting plugin OnlineSubsystemNull
LogPluginManager: Mounting plugin OnlineSubsystemUtils
LogPluginManager: Mounting plugin LauncherChunkInstaller
LogPluginManager: Mounting plugin AndroidDeviceProfileSelector
LogPluginManager: Mounting plugin AndroidMoviePlayer
LogPluginManager: Mounting plugin AndroidPermission
LogPluginManager: Mounting plugin AppleImageUtils
LogPluginManager: Mounting plugin AppleMoviePlayer
LogPluginManager: Mounting plugin ArchVisCharacter
LogPluginManager: Mounting plugin AssetTags
LogPluginManager: Mounting plugin AudioCapture
LogPluginManager: Mounting plugin CableComponent
LogPluginManager: Mounting plugin CustomMeshComponent
LogPluginManager: Mounting plugin EditableMesh
LogPluginManager: Mounting plugin ExampleDeviceProfileSelector
LogPluginManager: Mounting plugin GoogleCloudMessaging
LogPluginManager: Mounting plugin GooglePAD
LogPluginManager: Mounting plugin IOSDeviceProfileSelector
LogPluginManager: Mounting plugin LinuxDeviceProfileSelector
LogPluginManager: Mounting plugin LocationServicesBPLibrary
LogPluginManager: Mounting plugin MobilePatchingUtils
LogPluginManager: Mounting plugin OculusVR
LogPluginManager: Mounting plugin PhysXVehicles
LogPluginManager: Mounting plugin PostSplashScreen
LogPluginManager: Mounting plugin ProceduralMeshComponent
LogPluginManager: Mounting plugin RuntimePhysXCooking
LogPluginManager: Mounting plugin SignificanceManager
LogPluginManager: Mounting plugin SoundFields
LogPluginManager: Mounting plugin SteamVR
LogPluginManager: Mounting plugin Synthesis
LogPluginManager: Mounting plugin WebMMoviePlayer
LogPluginManager: Mounting plugin WindowsMoviePlayer
LogPluginManager: Mounting plugin ScreenshotTools
LogInit: Using libcurl 7.55.1-DEV
LogInit:  - built for x86_64-pc-win32
LogInit:  - supports SSL with OpenSSL/1.1.1
LogInit:  - supports HTTP deflate (compression) using libz 1.2.8
LogInit:  - other features:
LogInit:      CURL_VERSION_SSL
LogInit:      CURL_VERSION_LIBZ
LogInit:      CURL_VERSION_IPV6
LogInit:      CURL_VERSION_ASYNCHDNS
LogInit:      CURL_VERSION_LARGEFILE
LogInit:      CURL_VERSION_IDN
LogInit:  CurlRequestOptions (configurable via config and command line):
LogInit:  - bVerifyPeer = true  - Libcurl will verify peer certificate
LogInit:  - bUseHttpProxy = false  - Libcurl will NOT use HTTP proxy
LogInit:  - bDontReuseConnections = false  - Libcurl will reuse connections
LogInit:  - MaxHostConnections = 16  - Libcurl will limit the number of connections to a host
LogInit:  - LocalHostAddr = Default
LogInit:  - BufferSize = 65536
LogOnline: OSS: Creating online subsystem instance for: NULL
LogInit: WinSock: version 1.1 (2.2), MaxSocks=32767, MaxUdp=65467
LogOnline: OSS: TryLoadSubsystemAndSetDefault: Loaded subsystem for module [NULL]
LogInit: Build: ++UE4+Release-4.25-CL-13942748
LogInit: Engine Version: 4.25.3-13942748+++UE4+Release-4.25
LogInit: Compatible Engine Version: 4.25.0-13144385+++UE4+Release-4.25
LogInit: Net CL: 13144385
LogInit: OS: Windows 10 (Release 1903) (), CPU: Intel(R) Core(TM) i7-9750H CPU @ 2.60GHz, GPU: Intel(R) UHD Graphics 630
LogInit: Compiled (64-bit): Jul 25 2020 02:07:48
LogInit: Compiled with Visual C++: 19.24.28315.00
LogInit: Build Configuration: Development
LogInit: Branch Name: ++UE4+Release-4.25
LogInit: Command Line: 
LogInit: Base Directory: D:/Unreal/UE_4.25/Engine/Binaries/Win64/
LogInit: Allocator: TBB
LogInit: Installed Engine Build: 1
LogDevObjectVersion: Number of dev versions registered: 26
LogDevObjectVersion:   Dev-Blueprints (B0D832E4-1F89-4F0D-ACCF-7EB736FD4AA2): 10
LogDevObjectVersion:   Dev-Build (E1C64328-A22C-4D53-A36C-8E866417BD8C): 0
LogDevObjectVersion:   Dev-Core (375EC13C-06E4-48FB-B500-84F0262A717E): 4
LogDevObjectVersion:   Dev-Editor (E4B068ED-F494-42E9-A231-DA0B2E46BB41): 38
LogDevObjectVersion:   Dev-Framework (CFFC743F-43B0-4480-9391-14DF171D2073): 37
LogDevObjectVersion:   Dev-Mobile (B02B49B5-BB20-44E9-A304-32B752E40360): 2
LogDevObjectVersion:   Dev-Networking (A4E4105C-59A1-49B5-A7C5-40C4547EDFEE): 0
LogDevObjectVersion:   Dev-Online (39C831C9-5AE6-47DC-9A44-9C173E1C8E7C): 0
LogDevObjectVersion:   Dev-Physics (78F01B33-EBEA-4F98-B9B4-84EACCB95AA2): 4
LogDevObjectVersion:   Dev-Platform (6631380F-2D4D-43E0-8009-CF276956A95A): 0
LogDevObjectVersion:   Dev-Rendering (12F88B9F-8875-4AFC-A67C-D90C383ABD29): 43
LogDevObjectVersion:   Dev-Sequencer (7B5AE74C-D270-4C10-A958-57980B212A5A): 12
LogDevObjectVersion:   Dev-VR (D7296918-1DD6-4BDD-9DE2-64A83CC13884): 3
LogDevObjectVersion:   Dev-LoadTimes (C2A15278-BFE7-4AFE-6C17-90FF531DF755): 1
LogDevObjectVersion:   Private-Geometry (6EACA3D4-40EC-4CC1-B786-8BED09428FC5): 3
LogDevObjectVersion:   Dev-AnimPhys (29E575DD-E0A3-4627-9D10-D276232CDCEA): 17
LogDevObjectVersion:   Dev-Anim (AF43A65D-7FD3-4947-9873-3E8ED9C1BB05): 7
LogDevObjectVersion:   Dev-ReflectionCapture (6B266CEC-1EC7-4B8F-A30B-E4D90942FC07): 1
LogDevObjectVersion:   Dev-Automation (0DF73D61-A23F-47EA-B727-89E90C41499A): 1
LogDevObjectVersion:   FortniteMain (601D1886-AC64-4F84-AA16-D3DE0DEAC7D6): 31
LogDevObjectVersion:   Dev-Enterprise (9DFFBCD6-494F-0158-E221-12823C92A888): 10
LogDevObjectVersion:   Dev-Niagara (F2AED0AC-9AFE-416F-8664-AA7FFA26D6FC): 1
LogDevObjectVersion:   Dev-Destruction (174F1F0B-B4C6-45A5-B13F-2EE8D0FB917D): 10
LogDevObjectVersion:   Dev-Physics-Ext (35F94A83-E258-406C-A318-09F59610247C): 37
LogDevObjectVersion:   Dev-PhysicsMaterial-Chaos (B68FC16E-8B1B-42E2-B453-215C058844FE): 1
LogDevObjectVersion:   Dev-CineCamera (B2E18506-4273-CFC2-A54E-F4BB758BBA07): 1
LogInit: Presizing for max 25165824 objects, including 0 objects not considered by GC, pre-allocating 0 bytes for permanent pool.
LogConfig: Applying CVar settings from Section [/Script/Engine.StreamingSettings] File [D:/GitRepo/UnrealCollab/Akintar/Saved/Config/Windows/Engine.ini]
LogConfig: Setting CVar [[s.MinBulkDataSizeForAsyncLoading:131072]]
LogConfig: Setting CVar [[s.AsyncLoadingThreadEnabled:0]]
LogConfig: Setting CVar [[s.EventDrivenLoaderEnabled:1]]
LogConfig: Setting CVar [[s.WarnIfTimeLimitExceeded:0]]
LogConfig: Setting CVar [[s.TimeLimitExceededMultiplier:1.5]]
LogConfig: Setting CVar [[s.TimeLimitExceededMinTime:0.005]]
LogConfig: Setting CVar [[s.UseBackgroundLevelStreaming:1]]
LogConfig: Setting CVar [[s.PriorityAsyncLoadingExtraTime:15.0]]
LogConfig: Setting CVar [[s.LevelStreamingActorsUpdateTimeLimit:5.0]]
LogConfig: Setting CVar [[s.PriorityLevelStreamingActorsUpdateExtraTime:5.0]]
LogConfig: Setting CVar [[s.LevelStreamingComponentsRegistrationGranularity:10]]
LogConfig: Setting CVar [[s.UnregisterComponentsTimeLimit:1.0]]
LogConfig: Setting CVar [[s.LevelStreamingComponentsUnregistrationGranularity:5]]
LogConfig: Setting CVar [[s.FlushStreamingOnExit:1]]
LogInit: Object subsystem initialized
LogConfig: Setting CVar [[con.DebugEarlyDefault:1]]
LogConfig: Setting CVar [[r.setres:1280x720]]
[2020.10.09-16.50.06:672][  0]LogConfig: Setting CVar [[r.VSync:0]]
[2020.10.09-16.50.06:672][  0]LogConfig: Setting CVar [[r.RHICmdBypass:0]]
[2020.10.09-16.50.06:672][  0]LogConfig: Applying CVar settings from Section [/Script/Engine.RendererSettings] File [D:/GitRepo/UnrealCollab/Akintar/Saved/Config/Windows/Engine.ini]
[2020.10.09-16.50.06:672][  0]LogConfig: Setting CVar [[r.GPUCrashDebugging:0]]
[2020.10.09-16.50.06:672][  0]LogConfig: Setting CVar [[r.VirtualTextures:1]]
[2020.10.09-16.50.06:672][  0]LogConfig: Setting CVar [[r.VirtualTexturedLightmaps:1]]
[2020.10.09-16.50.06:672][  0]LogConfig: Applying CVar settings from Section [/Script/Engine.RendererOverrideSettings] File [D:/GitRepo/UnrealCollab/Akintar/Saved/Config/Windows/Engine.ini]
[2020.10.09-16.50.06:672][  0]LogConfig: Applying CVar settings from Section [/Script/Engine.StreamingSettings] File [D:/GitRepo/UnrealCollab/Akintar/Saved/Config/Windows/Engine.ini]
[2020.10.09-16.50.06:672][  0]LogConfig: Setting CVar [[s.MinBulkDataSizeForAsyncLoading:131072]]
[2020.10.09-16.50.06:672][  0]LogConfig: Setting CVar [[s.AsyncLoadingThreadEnabled:0]]
[2020.10.09-16.50.06:672][  0]LogConfig: Setting CVar [[s.EventDrivenLoaderEnabled:1]]
[2020.10.09-16.50.06:672][  0]LogConfig: Setting CVar [[s.WarnIfTimeLimitExceeded:0]]
[2020.10.09-16.50.06:672][  0]LogConfig: Setting CVar [[s.TimeLimitExceededMultiplier:1.5]]
[2020.10.09-16.50.06:672][  0]LogConfig: Setting CVar [[s.TimeLimitExceededMinTime:0.005]]
[2020.10.09-16.50.06:672][  0]LogConfig: Setting CVar [[s.UseBackgroundLevelStreaming:1]]
[2020.10.09-16.50.06:672][  0]LogConfig: Setting CVar [[s.PriorityAsyncLoadingExtraTime:15.0]]
[2020.10.09-16.50.06:672][  0]LogConfig: Setting CVar [[s.LevelStreamingActorsUpdateTimeLimit:5.0]]
[2020.10.09-16.50.06:672][  0]LogConfig: Setting CVar [[s.PriorityLevelStreamingActorsUpdateExtraTime:5.0]]
[2020.10.09-16.50.06:672][  0]LogConfig: Setting CVar [[s.LevelStreamingComponentsRegistrationGranularity:10]]
[2020.10.09-16.50.06:672][  0]LogConfig: Setting CVar [[s.UnregisterComponentsTimeLimit:1.0]]
[2020.10.09-16.50.06:672][  0]LogConfig: Setting CVar [[s.LevelStreamingComponentsUnregistrationGranularity:5]]
[2020.10.09-16.50.06:672][  0]LogConfig: Setting CVar [[s.FlushStreamingOnExit:1]]
[2020.10.09-16.50.06:672][  0]LogConfig: Applying CVar settings from Section [/Script/Engine.GarbageCollectionSettings] File [D:/GitRepo/UnrealCollab/Akintar/Saved/Config/Windows/Engine.ini]
[2020.10.09-16.50.06:672][  0]LogConfig: Setting CVar [[gc.MaxObjectsNotConsideredByGC:1]]
[2020.10.09-16.50.06:672][  0]LogConfig: Setting CVar [[gc.SizeOfPermanentObjectPool:0]]
[2020.10.09-16.50.06:672][  0]LogConfig: Setting CVar [[gc.FlushStreamingOnGC:0]]
[2020.10.09-16.50.06:672][  0]LogConfig: Setting CVar [[gc.NumRetriesBeforeForcingGC:10]]
[2020.10.09-16.50.06:672][  0]LogConfig: Setting CVar [[gc.AllowParallelGC:1]]
[2020.10.09-16.50.06:672][  0]LogConfig: Setting CVar [[gc.TimeBetweenPurgingPendingKillObjects:61.1]]
[2020.10.09-16.50.06:672][  0]LogConfig: Setting CVar [[gc.MaxObjectsInEditor:25165824]]
[2020.10.09-16.50.06:672][  0]LogConfig: Setting CVar [[gc.IncrementalBeginDestroyEnabled:1]]
[2020.10.09-16.50.06:672][  0]LogConfig: Setting CVar [[gc.CreateGCClusters:1]]
[2020.10.09-16.50.06:672][  0]LogConfig: Setting CVar [[gc.MinGCClusterSize:5]]
[2020.10.09-16.50.06:672][  0]LogConfig: Setting CVar [[gc.ActorClusteringEnabled:0]]
[2020.10.09-16.50.06:672][  0]LogConfig: Setting CVar [[gc.BlueprintClusteringEnabled:0]]
[2020.10.09-16.50.06:672][  0]LogConfig: Setting CVar [[gc.UseDisregardForGCOnDedicatedServers:0]]
[2020.10.09-16.50.06:672][  0]LogConfig: Applying CVar settings from Section [/Script/Engine.NetworkSettings] File [D:/GitRepo/UnrealCollab/Akintar/Saved/Config/Windows/Engine.ini]
[2020.10.09-16.50.06:672][  0]LogConfig: Applying CVar settings from Section [/Script/UnrealEd.CookerSettings] File [D:/GitRepo/UnrealCollab/Akintar/Saved/Config/Windows/Engine.ini]
[2020.10.09-16.50.06:675][  0]LogConfig: Applying CVar settings from Section [ViewDistanceQuality@3] File [D:/GitRepo/UnrealCollab/Akintar/Saved/Config/Windows/Scalability.ini]
[2020.10.09-16.50.06:675][  0]LogConfig: Setting CVar [[r.SkeletalMeshLODBias:0]]
[2020.10.09-16.50.06:675][  0]LogConfig: Setting CVar [[r.ViewDistanceScale:1.0]]
[2020.10.09-16.50.06:675][  0]LogConfig: Applying CVar settings from Section [AntiAliasingQuality@3] File [D:/GitRepo/UnrealCollab/Akintar/Saved/Config/Windows/Scalability.ini]
[2020.10.09-16.50.06:675][  0]LogConfig: Setting CVar [[r.PostProcessAAQuality:4]]
[2020.10.09-16.50.06:675][  0]LogConfig: Applying CVar settings from Section [ShadowQuality@3] File [D:/GitRepo/UnrealCollab/Akintar/Saved/Config/Windows/Scalability.ini]
[2020.10.09-16.50.06:675][  0]LogConfig: Setting CVar [[r.LightFunctionQuality:1]]
[2020.10.09-16.50.06:675][  0]LogConfig: Setting CVar [[r.ShadowQuality:5]]
[2020.10.09-16.50.06:675][  0]LogConfig: Setting CVar [[r.Shadow.CSM.MaxCascades:10]]
[2020.10.09-16.50.06:675][  0]LogConfig: Setting CVar [[r.Shadow.MaxResolution:2048]]
[2020.10.09-16.50.06:675][  0]LogConfig: Setting CVar [[r.Shadow.MaxCSMResolution:2048]]
[2020.10.09-16.50.06:675][  0]LogConfig: Setting CVar [[r.Shadow.RadiusThreshold:0.01]]
[2020.10.09-16.50.06:675][  0]LogConfig: Setting CVar [[r.Shadow.DistanceScale:1.0]]
[2020.10.09-16.50.06:675][  0]LogConfig: Setting CVar [[r.Shadow.CSM.TransitionScale:1.0]]
[2020.10.09-16.50.06:675][  0]LogConfig: Setting CVar [[r.Shadow.PreShadowResolutionFactor:1.0]]
[2020.10.09-16.50.06:675][  0]LogConfig: Setting CVar [[r.DistanceFieldShadowing:1]]
[2020.10.09-16.50.06:675][  0]LogConfig: Setting CVar [[r.DistanceFieldAO:1]]
[2020.10.09-16.50.06:675][  0]LogConfig: Setting CVar [[r.AOQuality:2]]
[2020.10.09-16.50.06:675][  0]LogConfig: Setting CVar [[r.VolumetricFog:1]]
[2020.10.09-16.50.06:675][  0]LogConfig: Setting CVar [[r.VolumetricFog.GridPixelSize:8]]
[2020.10.09-16.50.06:675][  0]LogConfig: Setting CVar [[r.VolumetricFog.GridSizeZ:128]]
[2020.10.09-16.50.06:675][  0]LogConfig: Setting CVar [[r.VolumetricFog.HistoryMissSupersampleCount:4]]
[2020.10.09-16.50.06:675][  0]LogConfig: Setting CVar [[r.LightMaxDrawDistanceScale:1]]
[2020.10.09-16.50.06:675][  0]LogConfig: Setting CVar [[r.CapsuleShadows:1]]
[2020.10.09-16.50.06:675][  0]LogConfig: Applying CVar settings from Section [PostProcessQuality@3] File [D:/GitRepo/UnrealCollab/Akintar/Saved/Config/Windows/Scalability.ini]
[2020.10.09-16.50.06:675][  0]LogConfig: Setting CVar [[r.MotionBlurQuality:4]]
[2020.10.09-16.50.06:675][  0]LogConfig: Setting CVar [[r.AmbientOcclusionMipLevelFactor:0.4]]
[2020.10.09-16.50.06:675][  0]LogConfig: Setting CVar [[r.AmbientOcclusionMaxQuality:100]]
[2020.10.09-16.50.06:675][  0]LogConfig: Setting CVar [[r.AmbientOcclusionLevels:-1]]
[2020.10.09-16.50.06:675][  0]LogConfig: Setting CVar [[r.AmbientOcclusionRadiusScale:1.0]]
[2020.10.09-16.50.06:675][  0]LogConfig: Setting CVar [[r.DepthOfFieldQuality:2]]
[2020.10.09-16.50.06:675][  0]LogConfig: Setting CVar [[r.RenderTargetPoolMin:400]]
[2020.10.09-16.50.06:675][  0]LogConfig: Setting CVar [[r.LensFlareQuality:2]]
[2020.10.09-16.50.06:675][  0]LogConfig: Setting CVar [[r.SceneColorFringeQuality:1]]
[2020.10.09-16.50.06:675][  0]LogConfig: Setting CVar [[r.EyeAdaptationQuality:2]]
[2020.10.09-16.50.06:675][  0]LogConfig: Setting CVar [[r.BloomQuality:5]]
[2020.10.09-16.50.06:675][  0]LogConfig: Setting CVar [[r.FastBlurThreshold:100]]
[2020.10.09-16.50.06:675][  0]LogConfig: Setting CVar [[r.Upscale.Quality:3]]
[2020.10.09-16.50.06:675][  0]LogConfig: Setting CVar [[r.Tonemapper.GrainQuantization:1]]
[2020.10.09-16.50.06:675][  0]LogConfig: Setting CVar [[r.LightShaftQuality:1]]
[2020.10.09-16.50.06:675][  0]LogConfig: Setting CVar [[r.Filter.SizeScale:1]]
[2020.10.09-16.50.06:675][  0]LogConfig: Setting CVar [[r.Tonemapper.Quality:5]]
[2020.10.09-16.50.06:675][  0]LogConfig: Setting CVar [[r.DOF.Gather.AccumulatorQuality:1        ; higher gathering accumulator quality]]
[2020.10.09-16.50.06:675][  0]LogConfig: Setting CVar [[r.DOF.Gather.PostfilterMethod:1          ; Median3x3 postfilering method]]
[2020.10.09-16.50.06:675][  0]LogConfig: Setting CVar [[r.DOF.Gather.EnableBokehSettings:0       ; no bokeh simulation when gathering]]
[2020.10.09-16.50.06:675][  0]LogConfig: Setting CVar [[r.DOF.Gather.RingCount:4                 ; medium number of samples when gathering]]
[2020.10.09-16.50.06:675][  0]LogConfig: Setting CVar [[r.DOF.Scatter.ForegroundCompositing:1    ; additive foreground scattering]]
[2020.10.09-16.50.06:675][  0]LogConfig: Setting CVar [[r.DOF.Scatter.BackgroundCompositing:2    ; additive background scattering]]
[2020.10.09-16.50.06:675][  0]LogConfig: Setting CVar [[r.DOF.Scatter.EnableBokehSettings:1      ; bokeh simulation when scattering]]
[2020.10.09-16.50.06:675][  0]LogConfig: Setting CVar [[r.DOF.Scatter.MaxSpriteRatio:0.1         ; only a maximum of 10% of scattered bokeh]]
[2020.10.09-16.50.06:675][  0]LogConfig: Setting CVar [[r.DOF.Recombine.Quality:1                ; cheap slight out of focus]]
[2020.10.09-16.50.06:675][  0]LogConfig: Setting CVar [[r.DOF.Recombine.EnableBokehSettings:0    ; no bokeh simulation on slight out of focus]]
[2020.10.09-16.50.06:676][  0]LogConfig: Setting CVar [[r.DOF.TemporalAAQuality:1                ; more stable temporal accumulation]]
[2020.10.09-16.50.06:676][  0]LogConfig: Setting CVar [[r.DOF.Kernel.MaxForegroundRadius:0.025]]
[2020.10.09-16.50.06:676][  0]LogConfig: Setting CVar [[r.DOF.Kernel.MaxBackgroundRadius:0.025]]
[2020.10.09-16.50.06:676][  0]LogConfig: Applying CVar settings from Section [TextureQuality@3] File [D:/GitRepo/UnrealCollab/Akintar/Saved/Config/Windows/Scalability.ini]
[2020.10.09-16.50.06:676][  0]LogConfig: Setting CVar [[r.Streaming.MipBias:0]]
[2020.10.09-16.50.06:676][  0]LogConfig: Setting CVar [[r.Streaming.AmortizeCPUToGPUCopy:0]]
[2020.10.09-16.50.06:676][  0]LogConfig: Setting CVar [[r.Streaming.MaxNumTexturesToStreamPerFrame:0]]
[2020.10.09-16.50.06:676][  0]LogConfig: Setting CVar [[r.Streaming.Boost:1]]
[2020.10.09-16.50.06:676][  0]LogConfig: Setting CVar [[r.MaxAnisotropy:8]]
[2020.10.09-16.50.06:676][  0]LogConfig: Setting CVar [[r.VT.MaxAnisotropy:8]]
[2020.10.09-16.50.06:676][  0]LogConfig: Setting CVar [[r.Streaming.LimitPoolSizeToVRAM:0]]
[2020.10.09-16.50.06:676][  0]LogConfig: Setting CVar [[r.Streaming.PoolSize:1000]]
[2020.10.09-16.50.06:676][  0]LogConfig: Setting CVar [[r.Streaming.MaxEffectiveScreenSize:0]]
[2020.10.09-16.50.06:676][  0]LogConfig: Applying CVar settings from Section [EffectsQuality@3] File [D:/GitRepo/UnrealCollab/Akintar/Saved/Config/Windows/Scalability.ini]
[2020.10.09-16.50.06:676][  0]LogConfig: Setting CVar [[r.TranslucencyLightingVolumeDim:64]]
[2020.10.09-16.50.06:676][  0]LogConfig: Setting CVar [[r.RefractionQuality:2]]
[2020.10.09-16.50.06:676][  0]LogConfig: Setting CVar [[r.SSR.Quality:3]]
[2020.10.09-16.50.06:676][  0]LogConfig: Setting CVar [[r.SSR.HalfResSceneColor:0]]
[2020.10.09-16.50.06:676][  0]LogConfig: Setting CVar [[r.SceneColorFormat:4]]
[2020.10.09-16.50.06:676][  0]LogConfig: Setting CVar [[r.DetailMode:2]]
[2020.10.09-16.50.06:676][  0]LogConfig: Setting CVar [[r.TranslucencyVolumeBlur:1]]
[2020.10.09-16.50.06:676][  0]LogConfig: Setting CVar [[r.MaterialQualityLevel:1 ; High quality]]
[2020.10.09-16.50.06:676][  0]LogConfig: Setting CVar [[r.SSS.Scale:1]]
[2020.10.09-16.50.06:676][  0]LogConfig: Setting CVar [[r.SSS.SampleSet:2]]
[2020.10.09-16.50.06:676][  0]LogConfig: Setting CVar [[r.SSS.Quality:1]]
[2020.10.09-16.50.06:676][  0]LogConfig: Setting CVar [[r.SSS.HalfRes:0]]
[2020.10.09-16.50.06:676][  0]LogConfig: Setting CVar [[r.SSGI.Quality:3]]
[2020.10.09-16.50.06:676][  0]LogConfig: Setting CVar [[r.EmitterSpawnRateScale:1.0]]
[2020.10.09-16.50.06:676][  0]LogConfig: Setting CVar [[r.ParticleLightQuality:2]]
[2020.10.09-16.50.06:676][  0]LogConfig: Setting CVar [[r.SkyAtmosphere.AerialPerspectiveLUT.FastApplyOnOpaque:1 ; Always have FastSkyLUT 1 in this case to avoid wrong sky]]
[2020.10.09-16.50.06:676][  0]LogConfig: Setting CVar [[r.SkyAtmosphere.AerialPerspectiveLUT.SampleCountPerSlice:1]]
[2020.10.09-16.50.06:676][  0]LogConfig: Setting CVar [[r.SkyAtmosphere.AerialPerspectiveLUT.DepthResolution:16.0]]
[2020.10.09-16.50.06:676][  0]LogConfig: Setting CVar [[r.SkyAtmosphere.FastSkyLUT:1]]
[2020.10.09-16.50.06:676][  0]LogConfig: Setting CVar [[r.SkyAtmosphere.FastSkyLUT.SampleCountMin:4.0]]
[2020.10.09-16.50.06:676][  0]LogConfig: Setting CVar [[r.SkyAtmosphere.FastSkyLUT.SampleCountMax:32.0]]
[2020.10.09-16.50.06:676][  0]LogConfig: Setting CVar [[r.SkyAtmosphere.SampleCountMin:4.0]]
[2020.10.09-16.50.06:676][  0]LogConfig: Setting CVar [[r.SkyAtmosphere.SampleCountMax:32.0]]
[2020.10.09-16.50.06:676][  0]LogConfig: Setting CVar [[r.SkyAtmosphere.TransmittanceLUT.UseSmallFormat:0]]
[2020.10.09-16.50.06:676][  0]LogConfig: Setting CVar [[r.SkyAtmosphere.TransmittanceLUT.SampleCount:10.0]]
[2020.10.09-16.50.06:676][  0]LogConfig: Setting CVar [[r.SkyAtmosphere.MultiScatteringLUT.SampleCount:15.0]]
[2020.10.09-16.50.06:676][  0]LogConfig: Applying CVar settings from Section [FoliageQuality@3] File [D:/GitRepo/UnrealCollab/Akintar/Saved/Config/Windows/Scalability.ini]
[2020.10.09-16.50.06:676][  0]LogConfig: Setting CVar [[foliage.DensityScale:1.0]]
[2020.10.09-16.50.06:676][  0]LogConfig: Setting CVar [[grass.DensityScale:1.0]]
[2020.10.09-16.50.06:676][  0]LogConfig: Applying CVar settings from Section [ShadingQuality@3] File [D:/GitRepo/UnrealCollab/Akintar/Saved/Config/Windows/Scalability.ini]
[2020.10.09-16.50.06:676][  0]LogConfig: Setting CVar [[r.HairStrands.SkyLighting.SampleCount:16]]
[2020.10.09-16.50.06:676][  0]LogConfig: Setting CVar [[r.HairStrands.SkyLighting.JitterIntegration:0]]
[2020.10.09-16.50.06:676][  0]LogConfig: Setting CVar [[r.HairStrands.SkyAO.SampleCount:16]]
[2020.10.09-16.50.06:676][  0]LogConfig: Setting CVar [[r.HairStrands.DeepShadow.SuperSampling:0]]
[2020.10.09-16.50.06:676][  0]LogConfig: Setting CVar [[r.HairStrands.VisibilityPPLL:0]]
[2020.10.09-16.50.06:676][  0]LogConfig: Setting CVar [[r.HairStrands.RasterizationScale:0.5]]
[2020.10.09-16.50.06:676][  0]LogConfig: Setting CVar [[r.HairStrands.VelocityRasterizationScale:1]]
[2020.10.09-16.50.06:676][  0]LogInit: Selected Device Profile: [Windows]
[2020.10.09-16.50.06:676][  0]LogInit: Applying CVar settings loaded from the selected device profile: [Windows]
[2020.10.09-16.50.06:676][  0]LogHAL: Display: Platform has ~ 16 GB [16983625728 / 17179869184 / 16], which maps to Larger [LargestMinGB=32, LargerMinGB=12, DefaultMinGB=8, SmallerMinGB=6, SmallestMinGB=0)
[2020.10.09-16.50.06:676][  0]LogInit: Going up to parent DeviceProfile []
[2020.10.09-16.50.06:676][  0]LogConfig: Applying CVar settings from Section [ViewDistanceQuality@3] File [D:/GitRepo/UnrealCollab/Akintar/Saved/Config/Windows/Scalability.ini]
[2020.10.09-16.50.06:676][  0]LogConfig: Setting CVar [[r.SkeletalMeshLODBias:0]]
[2020.10.09-16.50.06:676][  0]LogConfig: Setting CVar [[r.ViewDistanceScale:1.0]]
[2020.10.09-16.50.06:676][  0]LogConfig: Applying CVar settings from Section [AntiAliasingQuality@3] File [D:/GitRepo/UnrealCollab/Akintar/Saved/Config/Windows/Scalability.ini]
[2020.10.09-16.50.06:676][  0]LogConfig: Setting CVar [[r.PostProcessAAQuality:4]]
[2020.10.09-16.50.06:676][  0]LogConfig: Applying CVar settings from Section [ShadowQuality@3] File [D:/GitRepo/UnrealCollab/Akintar/Saved/Config/Windows/Scalability.ini]
[2020.10.09-16.50.06:676][  0]LogConfig: Setting CVar [[r.LightFunctionQuality:1]]
[2020.10.09-16.50.06:676][  0]LogConfig: Setting CVar [[r.ShadowQuality:5]]
[2020.10.09-16.50.06:676][  0]LogConfig: Setting CVar [[r.Shadow.CSM.MaxCascades:10]]
[2020.10.09-16.50.06:676][  0]LogConfig: Setting CVar [[r.Shadow.MaxResolution:2048]]
[2020.10.09-16.50.06:676][  0]LogConfig: Setting CVar [[r.Shadow.MaxCSMResolution:2048]]
[2020.10.09-16.50.06:676][  0]LogConfig: Setting CVar [[r.Shadow.RadiusThreshold:0.01]]
[2020.10.09-16.50.06:676][  0]LogConfig: Setting CVar [[r.Shadow.DistanceScale:1.0]]
[2020.10.09-16.50.06:676][  0]LogConfig: Setting CVar [[r.Shadow.CSM.TransitionScale:1.0]]
[2020.10.09-16.50.06:676][  0]LogConfig: Setting CVar [[r.Shadow.PreShadowResolutionFactor:1.0]]
[2020.10.09-16.50.06:676][  0]LogConfig: Setting CVar [[r.DistanceFieldShadowing:1]]
[2020.10.09-16.50.06:677][  0]LogConfig: Setting CVar [[r.DistanceFieldAO:1]]
[2020.10.09-16.50.06:677][  0]LogConfig: Setting CVar [[r.AOQuality:2]]
[2020.10.09-16.50.06:677][  0]LogConfig: Setting CVar [[r.VolumetricFog:1]]
[2020.10.09-16.50.06:677][  0]LogConfig: Setting CVar [[r.VolumetricFog.GridPixelSize:8]]
[2020.10.09-16.50.06:677][  0]LogConfig: Setting CVar [[r.VolumetricFog.GridSizeZ:128]]
[2020.10.09-16.50.06:677][  0]LogConfig: Setting CVar [[r.VolumetricFog.HistoryMissSupersampleCount:4]]
[2020.10.09-16.50.06:677][  0]LogConfig: Setting CVar [[r.LightMaxDrawDistanceScale:1]]
[2020.10.09-16.50.06:677][  0]LogConfig: Setting CVar [[r.CapsuleShadows:1]]
[2020.10.09-16.50.06:677][  0]LogConfig: Applying CVar settings from Section [PostProcessQuality@3] File [D:/GitRepo/UnrealCollab/Akintar/Saved/Config/Windows/Scalability.ini]
[2020.10.09-16.50.06:677][  0]LogConfig: Setting CVar [[r.MotionBlurQuality:4]]
[2020.10.09-16.50.06:677][  0]LogConfig: Setting CVar [[r.AmbientOcclusionMipLevelFactor:0.4]]
[2020.10.09-16.50.06:677][  0]LogConfig: Setting CVar [[r.AmbientOcclusionMaxQuality:100]]
[2020.10.09-16.50.06:677][  0]LogConfig: Setting CVar [[r.AmbientOcclusionLevels:-1]]
[2020.10.09-16.50.06:677][  0]LogConfig: Setting CVar [[r.AmbientOcclusionRadiusScale:1.0]]
[2020.10.09-16.50.06:677][  0]LogConfig: Setting CVar [[r.DepthOfFieldQuality:2]]
[2020.10.09-16.50.06:677][  0]LogConfig: Setting CVar [[r.RenderTargetPoolMin:400]]
[2020.10.09-16.50.06:677][  0]LogConfig: Setting CVar [[r.LensFlareQuality:2]]
[2020.10.09-16.50.06:677][  0]LogConfig: Setting CVar [[r.SceneColorFringeQuality:1]]
[2020.10.09-16.50.06:677][  0]LogConfig: Setting CVar [[r.EyeAdaptationQuality:2]]
[2020.10.09-16.50.06:677][  0]LogConfig: Setting CVar [[r.BloomQuality:5]]
[2020.10.09-16.50.06:677][  0]LogConfig: Setting CVar [[r.FastBlurThreshold:100]]
[2020.10.09-16.50.06:677][  0]LogConfig: Setting CVar [[r.Upscale.Quality:3]]
[2020.10.09-16.50.06:677][  0]LogConfig: Setting CVar [[r.Tonemapper.GrainQuantization:1]]
[2020.10.09-16.50.06:677][  0]LogConfig: Setting CVar [[r.LightShaftQuality:1]]
[2020.10.09-16.50.06:677][  0]LogConfig: Setting CVar [[r.Filter.SizeScale:1]]
[2020.10.09-16.50.06:677][  0]LogConfig: Setting CVar [[r.Tonemapper.Quality:5]]
[2020.10.09-16.50.06:677][  0]LogConfig: Setting CVar [[r.DOF.Gather.AccumulatorQuality:1        ; higher gathering accumulator quality]]
[2020.10.09-16.50.06:677][  0]LogConfig: Setting CVar [[r.DOF.Gather.PostfilterMethod:1          ; Median3x3 postfilering method]]
[2020.10.09-16.50.06:677][  0]LogConfig: Setting CVar [[r.DOF.Gather.EnableBokehSettings:0       ; no bokeh simulation when gathering]]
[2020.10.09-16.50.06:677][  0]LogConfig: Setting CVar [[r.DOF.Gather.RingCount:4                 ; medium number of samples when gathering]]
[2020.10.09-16.50.06:677][  0]LogConfig: Setting CVar [[r.DOF.Scatter.ForegroundCompositing:1    ; additive foreground scattering]]
[2020.10.09-16.50.06:677][  0]LogConfig: Setting CVar [[r.DOF.Scatter.BackgroundCompositing:2    ; additive background scattering]]
[2020.10.09-16.50.06:677][  0]LogConfig: Setting CVar [[r.DOF.Scatter.EnableBokehSettings:1      ; bokeh simulation when scattering]]
[2020.10.09-16.50.06:677][  0]LogConfig: Setting CVar [[r.DOF.Scatter.MaxSpriteRatio:0.1         ; only a maximum of 10% of scattered bokeh]]
[2020.10.09-16.50.06:677][  0]LogConfig: Setting CVar [[r.DOF.Recombine.Quality:1                ; cheap slight out of focus]]
[2020.10.09-16.50.06:677][  0]LogConfig: Setting CVar [[r.DOF.Recombine.EnableBokehSettings:0    ; no bokeh simulation on slight out of focus]]
[2020.10.09-16.50.06:677][  0]LogConfig: Setting CVar [[r.DOF.TemporalAAQuality:1                ; more stable temporal accumulation]]
[2020.10.09-16.50.06:677][  0]LogConfig: Setting CVar [[r.DOF.Kernel.MaxForegroundRadius:0.025]]
[2020.10.09-16.50.06:677][  0]LogConfig: Setting CVar [[r.DOF.Kernel.MaxBackgroundRadius:0.025]]
[2020.10.09-16.50.06:677][  0]LogConfig: Applying CVar settings from Section [TextureQuality@3] File [D:/GitRepo/UnrealCollab/Akintar/Saved/Config/Windows/Scalability.ini]
[2020.10.09-16.50.06:677][  0]LogConfig: Setting CVar [[r.Streaming.MipBias:0]]
[2020.10.09-16.50.06:677][  0]LogConfig: Setting CVar [[r.Streaming.AmortizeCPUToGPUCopy:0]]
[2020.10.09-16.50.06:677][  0]LogConfig: Setting CVar [[r.Streaming.MaxNumTexturesToStreamPerFrame:0]]
[2020.10.09-16.50.06:677][  0]LogConfig: Setting CVar [[r.Streaming.Boost:1]]
[2020.10.09-16.50.06:677][  0]LogConfig: Setting CVar [[r.MaxAnisotropy:8]]
[2020.10.09-16.50.06:677][  0]LogConfig: Setting CVar [[r.VT.MaxAnisotropy:8]]
[2020.10.09-16.50.06:677][  0]LogConfig: Setting CVar [[r.Streaming.LimitPoolSizeToVRAM:0]]
[2020.10.09-16.50.06:677][  0]LogConfig: Setting CVar [[r.Streaming.PoolSize:1000]]
[2020.10.09-16.50.06:677][  0]LogConfig: Setting CVar [[r.Streaming.MaxEffectiveScreenSize:0]]
[2020.10.09-16.50.06:677][  0]LogConfig: Applying CVar settings from Section [EffectsQuality@3] File [D:/GitRepo/UnrealCollab/Akintar/Saved/Config/Windows/Scalability.ini]
[2020.10.09-16.50.06:677][  0]LogConfig: Setting CVar [[r.TranslucencyLightingVolumeDim:64]]
[2020.10.09-16.50.06:677][  0]LogConfig: Setting CVar [[r.RefractionQuality:2]]
[2020.10.09-16.50.06:677][  0]LogConfig: Setting CVar [[r.SSR.Quality:3]]
[2020.10.09-16.50.06:677][  0]LogConfig: Setting CVar [[r.SSR.HalfResSceneColor:0]]
[2020.10.09-16.50.06:677][  0]LogConfig: Setting CVar [[r.SceneColorFormat:4]]
[2020.10.09-16.50.06:677][  0]LogConfig: Setting CVar [[r.DetailMode:2]]
[2020.10.09-16.50.06:677][  0]LogConfig: Setting CVar [[r.TranslucencyVolumeBlur:1]]
[2020.10.09-16.50.06:677][  0]LogConfig: Setting CVar [[r.MaterialQualityLevel:1 ; High quality]]
[2020.10.09-16.50.06:677][  0]LogConfig: Setting CVar [[r.SSS.Scale:1]]
[2020.10.09-16.50.06:677][  0]LogConfig: Setting CVar [[r.SSS.SampleSet:2]]
[2020.10.09-16.50.06:677][  0]LogConfig: Setting CVar [[r.SSS.Quality:1]]
[2020.10.09-16.50.06:677][  0]LogConfig: Setting CVar [[r.SSS.HalfRes:0]]
[2020.10.09-16.50.06:677][  0]LogConfig: Setting CVar [[r.SSGI.Quality:3]]
[2020.10.09-16.50.06:677][  0]LogConfig: Setting CVar [[r.EmitterSpawnRateScale:1.0]]
[2020.10.09-16.50.06:677][  0]LogConfig: Setting CVar [[r.ParticleLightQuality:2]]
[2020.10.09-16.50.06:677][  0]LogConfig: Setting CVar [[r.SkyAtmosphere.AerialPerspectiveLUT.FastApplyOnOpaque:1 ; Always have FastSkyLUT 1 in this case to avoid wrong sky]]
[2020.10.09-16.50.06:677][  0]LogConfig: Setting CVar [[r.SkyAtmosphere.AerialPerspectiveLUT.SampleCountPerSlice:1]]
[2020.10.09-16.50.06:677][  0]LogConfig: Setting CVar [[r.SkyAtmosphere.AerialPerspectiveLUT.DepthResolution:16.0]]
[2020.10.09-16.50.06:677][  0]LogConfig: Setting CVar [[r.SkyAtmosphere.FastSkyLUT:1]]
[2020.10.09-16.50.06:677][  0]LogConfig: Setting CVar [[r.SkyAtmosphere.FastSkyLUT.SampleCountMin:4.0]]
[2020.10.09-16.50.06:677][  0]LogConfig: Setting CVar [[r.SkyAtmosphere.FastSkyLUT.SampleCountMax:32.0]]
[2020.10.09-16.50.06:677][  0]LogConfig: Setting CVar [[r.SkyAtmosphere.SampleCountMin:4.0]]
[2020.10.09-16.50.06:677][  0]LogConfig: Setting CVar [[r.SkyAtmosphere.SampleCountMax:32.0]]
[2020.10.09-16.50.06:677][  0]LogConfig: Setting CVar [[r.SkyAtmosphere.TransmittanceLUT.UseSmallFormat:0]]
[2020.10.09-16.50.06:677][  0]LogConfig: Setting CVar [[r.SkyAtmosphere.TransmittanceLUT.SampleCount:10.0]]
[2020.10.09-16.50.06:677][  0]LogConfig: Setting CVar [[r.SkyAtmosphere.MultiScatteringLUT.SampleCount:15.0]]
[2020.10.09-16.50.06:677][  0]LogConfig: Applying CVar settings from Section [FoliageQuality@3] File [D:/GitRepo/UnrealCollab/Akintar/Saved/Config/Windows/Scalability.ini]
[2020.10.09-16.50.06:677][  0]LogConfig: Setting CVar [[foliage.DensityScale:1.0]]
[2020.10.09-16.50.06:677][  0]LogConfig: Setting CVar [[grass.DensityScale:1.0]]
[2020.10.09-16.50.06:678][  0]LogConfig: Applying CVar settings from Section [ShadingQuality@3] File [D:/GitRepo/UnrealCollab/Akintar/Saved/Config/Windows/Scalability.ini]
[2020.10.09-16.50.06:678][  0]LogConfig: Setting CVar [[r.HairStrands.SkyLighting.SampleCount:16]]
[2020.10.09-16.50.06:678][  0]LogConfig: Setting CVar [[r.HairStrands.SkyLighting.JitterIntegration:0]]
[2020.10.09-16.50.06:678][  0]LogConfig: Setting CVar [[r.HairStrands.SkyAO.SampleCount:16]]
[2020.10.09-16.50.06:678][  0]LogConfig: Setting CVar [[r.HairStrands.DeepShadow.SuperSampling:0]]
[2020.10.09-16.50.06:678][  0]LogConfig: Setting CVar [[r.HairStrands.VisibilityPPLL:0]]
[2020.10.09-16.50.06:678][  0]LogConfig: Setting CVar [[r.HairStrands.RasterizationScale:0.5]]
[2020.10.09-16.50.06:678][  0]LogConfig: Setting CVar [[r.HairStrands.VelocityRasterizationScale:1]]
[2020.10.09-16.50.06:678][  0]LogConfig: Applying CVar settings from Section [Startup] File [../../../Engine/Config/ConsoleVariables.ini]
[2020.10.09-16.50.06:678][  0]LogConfig: Setting CVar [[net.UseAdaptiveNetUpdateFrequency:0]]
[2020.10.09-16.50.06:678][  0]LogConfig: Setting CVar [[p.chaos.AllowCreatePhysxBodies:1]]
[2020.10.09-16.50.06:678][  0]LogConfig: Setting CVar [[fx.SkipVectorVMBackendOptimizations:1]]
[2020.10.09-16.50.06:678][  0]LogConfig: Applying CVar settings from Section [ConsoleVariables] File [D:/GitRepo/UnrealCollab/Akintar/Saved/Config/Windows/Engine.ini]
[2020.10.09-16.50.06:678][  0]LogInit: Computer: DESKTOP-2H05DPV
[2020.10.09-16.50.06:678][  0]LogInit: User: theyu
[2020.10.09-16.50.06:678][  0]LogInit: CPU Page size=4096, Cores=6
[2020.10.09-16.50.06:678][  0]LogInit: High frequency timer resolution =10.000000 MHz
[2020.10.09-16.50.06:678][  0]LogMemory: Memory total: Physical=15.8GB (16GB approx)
[2020.10.09-16.50.06:678][  0]LogMemory: Platform Memory Stats for Windows
[2020.10.09-16.50.06:678][  0]LogMemory: Process Physical Memory: 114.99 MB used, 115.00 MB peak
[2020.10.09-16.50.06:678][  0]LogMemory: Process Virtual Memory: 101.16 MB used, 101.16 MB peak
[2020.10.09-16.50.06:678][  0]LogMemory: Physical Memory: 6159.77 MB used,  10037.08 MB free, 16196.85 MB total
[2020.10.09-16.50.06:678][  0]LogMemory: Virtual Memory: 5168.89 MB used,  134212560.00 MB free, 134217728.00 MB total
[2020.10.09-16.50.06:933][  0]LogWindows: WindowsPlatformFeatures enabled
[2020.10.09-16.50.06:963][  0]LogInit: Physics initialised using underlying interface: PhysX
[2020.10.09-16.50.06:963][  0]LogInit: Using OS detected language (en-US).
[2020.10.09-16.50.06:963][  0]LogInit: Using OS detected locale (en-US).
[2020.10.09-16.50.06:966][  0]LogTextLocalizationManager: No specific localization for 'en-US' exists, so the 'en' localization will be used.
[2020.10.09-16.50.07:123][  0]LogInit: Setting process to per monitor DPI aware
[2020.10.09-16.50.07:148][  0]LogSlate: New Slate User Created.  User Index 0, Is Virtual User: 0
[2020.10.09-16.50.07:148][  0]LogSlate: Slate User Registered.  User Index 0, Is Virtual User: 0
[2020.10.09-16.50.07:407][  0]LogHMD: Failed to initialize OpenVR with code 108
[2020.10.09-16.50.07:407][  0]LogD3D11RHI: D3D11 min allowed feature level: 11_0
[2020.10.09-16.50.07:407][  0]LogD3D11RHI: D3D11 max allowed feature level: 11_0
[2020.10.09-16.50.07:407][  0]LogD3D11RHI: D3D11 adapters:
[2020.10.09-16.50.07:475][  0]LogD3D11RHI:    0. 'NVIDIA GeForce RTX 2060' (Feature Level 11_0)
[2020.10.09-16.50.07:475][  0]LogD3D11RHI:       5980/0/8098 MB DedicatedVideo/DedicatedSystem/SharedSystem, Outputs:1, VendorId:0x10de
[2020.10.09-16.50.07:487][  0]LogD3D11RHI:    1. 'Intel(R) UHD Graphics 630' (Feature Level 11_0)
[2020.10.09-16.50.07:487][  0]LogD3D11RHI:       128/0/8098 MB DedicatedVideo/DedicatedSystem/SharedSystem, Outputs:0, VendorId:0x8086
[2020.10.09-16.50.07:490][  0]LogD3D11RHI:    2. 'Microsoft Basic Render Driver' (Feature Level 11_0)
[2020.10.09-16.50.07:490][  0]LogD3D11RHI:       0/0/8098 MB DedicatedVideo/DedicatedSystem/SharedSystem, Outputs:0, VendorId:0x1414
[2020.10.09-16.50.07:490][  0]LogD3D11RHI: Chosen D3D11 Adapter: 0
[2020.10.09-16.50.07:532][  0]LogD3D11RHI: Creating new Direct3DDevice
[2020.10.09-16.50.07:532][  0]LogD3D11RHI:     GPU DeviceId: 0x1f11 (for the marketing name, search the web for "GPU Device Id")
[2020.10.09-16.50.07:532][  0]LogWindows: EnumDisplayDevices:
[2020.10.09-16.50.07:532][  0]LogWindows:    0. 'Intel(R) UHD Graphics 630' (P:1 D:1)
[2020.10.09-16.50.07:533][  0]LogWindows:    1. 'Intel(R) UHD Graphics 630' (P:0 D:0)
[2020.10.09-16.50.07:533][  0]LogWindows:    2. 'Intel(R) UHD Graphics 630' (P:0 D:0)
[2020.10.09-16.50.07:533][  0]LogWindows:    3. 'NVIDIA GeForce RTX 2060' (P:0 D:0)
[2020.10.09-16.50.07:533][  0]LogWindows:    4. 'NVIDIA GeForce RTX 2060' (P:0 D:0)
[2020.10.09-16.50.07:533][  0]LogWindows:    5. 'NVIDIA GeForce RTX 2060' (P:0 D:0)
[2020.10.09-16.50.07:534][  0]LogWindows:    6. 'NVIDIA GeForce RTX 2060' (P:0 D:0)
[2020.10.09-16.50.07:534][  0]LogWindows: DebugString: PrimaryIsNotTheChoosenAdapter PrimaryIsNotTheChoosenAdapter PrimaryIsNotTheChoosenAdapter FoundDriverCount:4 
[2020.10.09-16.50.07:534][  0]LogD3D11RHI:     Adapter Name: NVIDIA GeForce RTX 2060
[2020.10.09-16.50.07:534][  0]LogD3D11RHI:   Driver Version: 451.67 (internal:27.21.14.5167, unified:451.67)
[2020.10.09-16.50.07:534][  0]LogD3D11RHI:      Driver Date: 7-5-2020
[2020.10.09-16.50.07:534][  0]LogRHI: Texture pool is 4186 MB (70% of 5980 MB)
[2020.10.09-16.50.07:580][  0]LogD3D11RHI: RHI has support for 64 bit atomics
[2020.10.09-16.50.07:582][  0]LogD3D11RHI: [Aftermath] Enabled and primed
[2020.10.09-16.50.07:582][  0]LogD3D11RHI: Async texture creation enabled
[2020.10.09-16.50.07:582][  0]LogD3D11RHI: Array index from any shader is supported
[2020.10.09-16.50.07:882][  0]LogTargetPlatformManager: Display: Loaded TargetPlatform 'AllDesktop'
[2020.10.09-16.50.07:901][  0]LogTargetPlatformManager: Display: Loaded TargetPlatform 'Android'
[2020.10.09-16.50.07:901][  0]LogTargetPlatformManager: Display: Loaded TargetPlatform 'Android_ASTC'
[2020.10.09-16.50.07:901][  0]LogTargetPlatformManager: Display: Loaded TargetPlatform 'Android_DXT'
[2020.10.09-16.50.07:901][  0]LogTargetPlatformManager: Display: Loaded TargetPlatform 'Android_ETC2'
[2020.10.09-16.50.07:901][  0]LogTargetPlatformManager: Display: Loaded TargetPlatform 'AndroidClient'
[2020.10.09-16.50.07:901][  0]LogTargetPlatformManager: Display: Loaded TargetPlatform 'Android_ASTCClient'
[2020.10.09-16.50.07:901][  0]LogTargetPlatformManager: Display: Loaded TargetPlatform 'Android_DXTClient'
[2020.10.09-16.50.07:901][  0]LogTargetPlatformManager: Display: Loaded TargetPlatform 'Android_ETC2Client'
[2020.10.09-16.50.07:901][  0]LogTargetPlatformManager: Display: Loaded TargetPlatform 'Android_Multi'
[2020.10.09-16.50.07:901][  0]LogTargetPlatformManager: Display: Loaded TargetPlatform 'Android_MultiClient'
[2020.10.09-16.50.07:921][  0]LogTargetPlatformManager: Display: Loaded TargetPlatform 'IOSClient'
[2020.10.09-16.50.07:921][  0]LogTargetPlatformManager: Display: Loaded TargetPlatform 'IOS'
[2020.10.09-16.50.07:930][  0]LogTargetPlatformManager: Display: Loaded TargetPlatform 'Linux'
[2020.10.09-16.50.07:938][  0]LogTargetPlatformManager: Display: Loaded TargetPlatform 'LinuxNoEditor'
[2020.10.09-16.50.07:947][  0]LogTargetPlatformManager: Display: Loaded TargetPlatform 'LinuxClient'
[2020.10.09-16.50.07:955][  0]LogTargetPlatformManager: Display: Loaded TargetPlatform 'LinuxServer'
[2020.10.09-16.50.07:963][  0]LogTargetPlatformManager: Display: Loaded TargetPlatform 'LinuxAArch64NoEditor'
[2020.10.09-16.50.07:971][  0]LogTargetPlatformManager: Display: Loaded TargetPlatform 'LinuxAArch64Client'
[2020.10.09-16.50.07:979][  0]LogTargetPlatformManager: Display: Loaded TargetPlatform 'LinuxAArch64Server'
[2020.10.09-16.50.08:001][  0]LogTargetPlatformManager: Display: Loaded TargetPlatform 'Lumin'
[2020.10.09-16.50.08:001][  0]LogTargetPlatformManager: Display: Loaded TargetPlatform 'LuminClient'
[2020.10.09-16.50.08:014][  0]LogTargetPlatformManager: Display: Loaded TargetPlatform 'TVOSClient'
[2020.10.09-16.50.08:014][  0]LogTargetPlatformManager: Display: Loaded TargetPlatform 'TVOS'
[2020.10.09-16.50.08:022][  0]LogTargetPlatformManager: Display: Loaded TargetPlatform 'WindowsNoEditor'
[2020.10.09-16.50.08:031][  0]LogTargetPlatformManager: Display: Loaded TargetPlatform 'Windows'
[2020.10.09-16.50.08:038][  0]LogTargetPlatformManager: Display: Loaded TargetPlatform 'WindowsClient'
[2020.10.09-16.50.08:046][  0]LogTargetPlatformManager: Display: Loaded TargetPlatform 'WindowsServer'
[2020.10.09-16.50.08:047][  0]LogTargetPlatformManager: Display: Building Assets For Windows
[2020.10.09-16.50.08:053][  0]LogAudioDebug: Display: Lib vorbis DLL was dynamically loaded.
[2020.10.09-16.50.08:105][  0]LogD3D11RHI: GPU Timing Frequency: 1000.000000 (Debug: 2 1)
[2020.10.09-16.50.08:105][  0]LogShaderCompilers: Guid format shader working directory is 2 characters bigger than the processId version (../../../../../GitRepo/UnrealCollab/Akintar/Intermediate/Shaders/WorkingDirectory/17140/).
[2020.10.09-16.50.08:106][  0]LogShaderCompilers: Cleaned the shader compiler working directory 'C:/Users/theyu/AppData/Local/Temp/UnrealShaderWorkingDir/AFEF1E404363727D6A52A19AAE123BEF/'.
[2020.10.09-16.50.08:106][  0]LogXGEController: Cannot use XGE Controller as Incredibuild is not installed on this machine.
[2020.10.09-16.50.08:106][  0]LogShaderCompilers: Cannot use XGE Shader Compiler as Incredibuild is not installed on this machine.
[2020.10.09-16.50.08:106][  0]LogShaderCompilers: Display: Using Local Shader Compiler.
[2020.10.09-16.50.08:802][  0]LogDerivedDataCache: Display: Max Cache Size: 512 MB
[2020.10.09-16.50.08:866][  0]LogDerivedDataCache: Loaded boot cache 0.06s 94MB C:/Users/theyu/AppData/Local/UnrealEngine/4.25/DerivedDataCache/Boot.ddc.
[2020.10.09-16.50.08:866][  0]LogDerivedDataCache: Display: Loaded Boot cache: C:/Users/theyu/AppData/Local/UnrealEngine/4.25/DerivedDataCache/Boot.ddc
[2020.10.09-16.50.08:891][  0]LogDerivedDataCache: FDerivedDataBackendGraph:  Pak pak cache file ../../../../../GitRepo/UnrealCollab/Akintar/DerivedDataCache/DDC.ddp not found, will not use a pak cache.
[2020.10.09-16.50.08:891][  0]LogDerivedDataCache: Unable to find inner node Pak for hierarchical cache Hierarchy.
[2020.10.09-16.50.08:891][  0]LogDerivedDataCache: FDerivedDataBackendGraph:  CompressedPak pak cache file ../../../../../GitRepo/UnrealCollab/Akintar/DerivedDataCache/Compressed.ddp not found, will not use a pak cache.
[2020.10.09-16.50.08:891][  0]LogDerivedDataCache: Unable to find inner node CompressedPak for hierarchical cache Hierarchy.
[2020.10.09-16.50.08:900][  0]LogDerivedDataCache: Display: Pak cache opened for reading ../../../Engine/DerivedDataCache/Compressed.ddp.
[2020.10.09-16.50.08:900][  0]LogDerivedDataCache: FDerivedDataBackendGraph:  EnterprisePak pak cache file ../../../Enterprise/DerivedDataCache/Compressed.ddp not found, will not use a pak cache.
[2020.10.09-16.50.08:900][  0]LogDerivedDataCache: Unable to find inner node EnterprisePak for hierarchical cache Hierarchy.
[2020.10.09-16.50.08:901][  0]LogDerivedDataCache: Using Local data cache path D:/Cache: Writable
[2020.10.09-16.50.08:901][  0]LogDerivedDataCache: Shared data cache path not found in *engine.ini, will not use an Shared cache.
[2020.10.09-16.50.08:901][  0]LogDerivedDataCache: Unable to find inner node Shared for hierarchical cache Hierarchy.
[2020.10.09-16.50.08:954][  0]LogSlate: Using FreeType 2.10.0
[2020.10.09-16.50.08:955][  0]LogSlate: SlateFontServices - WITH_FREETYPE: 1, WITH_HARFBUZZ: 1
[2020.10.09-16.50.08:978][  0]LogAssetRegistry: FAssetRegistry took 0.0025 seconds to start up
[2020.10.09-16.50.09:211][  0]LogInit: Selected Device Profile: [Windows]
[2020.10.09-16.50.09:578][  0]LogMeshReduction: Using QuadricMeshReduction for automatic static mesh reduction
[2020.10.09-16.50.09:578][  0]LogMeshReduction: Using SimplygonMeshReduction for automatic skeletal mesh reduction
[2020.10.09-16.50.09:578][  0]LogMeshReduction: Using ProxyLODMeshReduction for automatic mesh merging
[2020.10.09-16.50.09:578][  0]LogMeshReduction: No distributed automatic mesh merging module available
[2020.10.09-16.50.09:578][  0]LogMeshMerging: No distributed automatic mesh merging module available
[2020.10.09-16.50.09:590][  0]LogNetVersion: Akintar 1.0.0, NetCL: 13144385, EngineNetVer: 14, GameNetVer: 0 (Checksum: 3900213013)
[2020.10.09-16.50.10:793][  0]LogAISub: UAISubsystem::UAISubsystem AISubsystem (000002A0225E9D00), frame # 0
[2020.10.09-16.50.10:793][  0]LogAISub: UAISubsystem::UAISubsystem AIPerceptionSystem (000002A022532AC0), frame # 0
[2020.10.09-16.50.10:794][  0]LogAISub: UAISubsystem::UAISubsystem EnvQueryManager (000002A0225A8A00), frame # 0
[2020.10.09-16.50.12:209][  0]LogPackageLocalizationCache: Processed 19 localized package path(s) for 1 prioritized culture(s) in 1.408558 seconds
[2020.10.09-16.50.12:213][  0]LogUObjectArray: 15917 objects as part of root set at end of initial load.
[2020.10.09-16.50.12:214][  0]LogUObjectAllocator: 3965568 out of 0 bytes used by permanent object pool.
[2020.10.09-16.50.12:214][  0]LogUObjectArray: CloseDisregardForGC: 0/0 objects in disregard for GC pool
[2020.10.09-16.50.12:635][  0]LogTcpMessaging: Initializing TcpMessaging bridge
[2020.10.09-16.50.12:638][  0]LogUdpMessaging: Initializing bridge on interface 0.0.0.0:0 to multicast group 230.0.0.1:6666.
[2020.10.09-16.50.12:839][  0]SourceControl: Source control is disabled
[2020.10.09-16.50.12:839][  0]SourceControl: Source control is disabled
[2020.10.09-16.50.12:842][  0]SourceControl: Source control is disabled
[2020.10.09-16.50.12:844][  0]SourceControl: Source control is disabled
[2020.10.09-16.50.12:850][  0]SourceControl: Source control is disabled
[2020.10.09-16.50.13:305][  0]LogAndroidPermission: UAndroidPermissionCallbackProxy::GetInstance
[2020.10.09-16.50.13:321][  0]LogAudioCaptureCore: Display: No Audio Capture implementations found. Audio input will be silent.
[2020.10.09-16.50.13:322][  0]LogAudioCaptureCore: Display: No Audio Capture implementations found. Audio input will be silent.
[2020.10.09-16.50.13:363][  0]LogOcInput: OculusInput pre-init called
[2020.10.09-16.50.13:372][  0]LogWindows: Failed to load 'OVRPlugin.dll' (GetLastError=126)
[2020.10.09-16.50.13:372][  0]LogWindows: File 'OVRPlugin.dll' does not exist
[2020.10.09-16.50.13:423][  0]LogEngine: Initializing Engine...
[2020.10.09-16.50.13:865][  0]LogHMD: Failed to initialize OpenVR with code 108
[2020.10.09-16.50.13:866][  0]LogMagicLeap: Warning: VR disabled because ZI is not enabled.  To enable, in the editor, Edit -> Project Settings -> Plugins -> Magic Leap Plugin -> Enable Zero Iteration
[2020.10.09-16.50.13:866][  0]LogStats: UGameplayTagsManager::InitializeManager -  0.000 s
[2020.10.09-16.50.13:984][  0]LogInit: Initializing FReadOnlyCVARCache
[2020.10.09-16.50.13:991][  0]LogAIModule: Creating AISystem for world Untitled
[2020.10.09-16.50.13:991][  0]LogAISub: UAISubsystem::UAISubsystem EnvQueryManager (000002A00A67DC00), frame # 0
[2020.10.09-16.50.13:991][  0]LogAISub: UAISubsystem::UAISubsystem AIPerceptionSystem (000002A00A657B00), frame # 0
[2020.10.09-16.50.14:010][  0]LogAudioMixer: Display: Audio Mixer Platform Settings:
[2020.10.09-16.50.14:010][  0]LogAudioMixer: Display: 	Sample Rate:						  48000
[2020.10.09-16.50.14:010][  0]LogAudioMixer: Display: 	Callback Buffer Frame Size Requested: 1024
[2020.10.09-16.50.14:010][  0]LogAudioMixer: Display: 	Callback Buffer Frame Size To Use:	  1024
[2020.10.09-16.50.14:010][  0]LogAudioMixer: Display: 	Number of buffers to queue:			  2
[2020.10.09-16.50.14:010][  0]LogAudioMixer: Display: 	Max Channels (voices):				  32
[2020.10.09-16.50.14:010][  0]LogAudioMixer: Display: 	Number of Async Source Workers:		  0
[2020.10.09-16.50.14:010][  0]LogAudio: Display: AudioDevice MaxSources: 32
[2020.10.09-16.50.14:010][  0]LogAudio: Display: Using built-in audio occlusion.
[2020.10.09-16.50.14:010][  0]LogAudioMixer: Display: Initializing audio mixer.
[2020.10.09-16.50.15:205][  0]LogAudioMixer: Display: 0: FrontLeft
[2020.10.09-16.50.15:205][  0]LogAudioMixer: Display: 1: FrontRight
[2020.10.09-16.50.15:205][  0]LogAudioMixer: Display: 2: FrontCenter
[2020.10.09-16.50.15:205][  0]LogAudioMixer: Display: 3: LowFrequency
[2020.10.09-16.50.15:205][  0]LogAudioMixer: Display: 4: BackLeft
[2020.10.09-16.50.15:205][  0]LogAudioMixer: Display: 5: BackRight
[2020.10.09-16.50.15:205][  0]LogAudioMixer: Display: 6: SideLeft
[2020.10.09-16.50.15:205][  0]LogAudioMixer: Display: 7: SideRight
[2020.10.09-16.50.17:768][  0]LogAudioMixer: Display: Using Audio Device Speakers/Headphones (3- Realtek(R) Audio)
[2020.10.09-16.50.17:769][  0]LogAudioMixer: Display: Initializing Sound Submixes...
[2020.10.09-16.50.17:771][  0]LogAudioMixer: Display: Creating Master Submix 'MasterSubmixDefault'
[2020.10.09-16.50.17:771][  0]LogAudioMixer: Display: Creating Master Submix 'MasterReverbSubmixDefault'
[2020.10.09-16.50.17:772][  0]LogAudioMixer: Display: Creating Master Submix 'MasterEQSubmixDefault'
[2020.10.09-16.50.17:773][  0]LogInit: FAudioDevice initialized.
[2020.10.09-16.50.17:773][  0]LogNetVersion: Set ProjectVersion to 1.0.0.0. Version Checksum will be recalculated on next use.
[2020.10.09-16.50.17:876][  0]LogDerivedDataCache: Saved boot cache 0.10s 94MB C:/Users/theyu/AppData/Local/UnrealEngine/4.25/DerivedDataCache/Boot.ddc.
[2020.10.09-16.50.17:882][  0]LogInit: Texture streaming: Enabled
[2020.10.09-16.50.17:896][  0]LogEngineSessionManager: EngineSessionManager initialized
[2020.10.09-16.50.17:896][  0]LogEditorSessionSummary: Verbose: Initializing EditorSessionSummaryWriter for editor session tracking
[2020.10.09-16.50.17:898][  0]LogEditorSessionSummary: EditorSessionSummaryWriter initialized
[2020.10.09-16.50.17:997][  0]LogInit: Transaction tracking system initialized
[2020.10.09-16.50.18:013][  0]BlueprintLog: New page: Editor Load
[2020.10.09-16.50.18:067][  0]LocalizationService: Localization service is disabled
[2020.10.09-16.50.20:550][  0]LogCook: Display: Max memory allowance for cook 16384mb min free memory 0mb
[2020.10.09-16.50.20:550][  0]LogCook: Display: Mobile HDR setting 1
[2020.10.09-16.50.20:661][  0]LogFileCache: Scanning file cache for directory 'D:/GitRepo/UnrealCollab/Akintar/Content/' took 0.03s
[2020.10.09-16.50.20:831][  0]SourceControl: Source control is disabled
[2020.10.09-16.50.20:831][  0]LogUnrealEdMisc: Loading editor; pre map load, took 19.481
[2020.10.09-16.50.20:831][  0]Cmd: MAP LOAD FILE="../../../../../GitRepo/UnrealCollab/Akintar/Content/Art/Akintar_David.umap" TEMPLATE=0 SHOWPROGRESS=1 FEATURELEVEL=3
[2020.10.09-16.50.21:019][  0]LightingResults: New page: Lighting Build
[2020.10.09-16.50.21:020][  0]LogWorld: UWorld::CleanupWorld for Untitled, bSessionEnded=true, bCleanupResources=true
[2020.10.09-16.50.21:020][  0]LogSlate: InvalidateAllWidgets triggered.  All widgets were invalidated
[2020.10.09-16.50.21:020][  0]MapCheck: New page: Map Check
[2020.10.09-16.50.21:020][  0]LightingResults: New page: Lighting Build
[2020.10.09-16.50.21:029][  0]LogAISub: UAISubsystem::~UAISubsystem EnvQueryManager (000002A00A67DC00), frame # 0
[2020.10.09-16.50.21:029][  0]LogAISub: UAISubsystem::~UAISubsystem AIPerceptionSystem (000002A00A657B00), frame # 0
[2020.10.09-16.50.21:030][  0]LogUObjectHash: Compacting FUObjectHashTables data took   0.71ms
[2020.10.09-16.50.23:364][  0]LogLinker: Warning: While loading '../../../../../GitRepo/UnrealCollab/Akintar/Content/Art/Meshes/RockGroup1/MeshBlend1_Inst3.uasset' failed to load '/Game/Art/RVT_Test/RVT_Land_Test': Can't find file.
[2020.10.09-16.50.23:364][  0]LogLinker: Warning: While loading '../../../../../GitRepo/UnrealCollab/Akintar/Content/Art/Meshes/RockGroup1/MeshBlend1_Inst3.uasset' failed to load '/Game/Art/RVT_Test/RVT_Land_Test': Can't find file.
[2020.10.09-16.50.23:364][  0]LogLinker: Warning: While loading '../../../../../GitRepo/UnrealCollab/Akintar/Content/Art/Meshes/RockGroup1/MeshBlend1_Inst3.uasset' failed to load '/Game/Art/RVT_Test/RVT_Land_Test_Height': Can't find file.
[2020.10.09-16.50.23:364][  0]LogLinker: Warning: While loading '../../../../../GitRepo/UnrealCollab/Akintar/Content/Art/Meshes/RockGroup1/MeshBlend1_Inst3.uasset' failed to load '/Game/Art/RVT_Test/RVT_Land_Test_Height': Can't find file.
[2020.10.09-16.50.23:364][  0]LogLinker: Warning: While loading '../../../../../GitRepo/UnrealCollab/Akintar/Content/Art/Meshes/RockGroup1/MeshBlend1_Inst3.uasset' failed to load '/Game/Art/RVT_Test/RVT_Land_Test': Can't find file.
[2020.10.09-16.50.23:364][  0]LogLinker: Warning: While loading '../../../../../GitRepo/UnrealCollab/Akintar/Content/Art/Meshes/RockGroup1/MeshBlend1_Inst3.uasset' failed to load '/Game/Art/RVT_Test/RVT_Land_Test': Can't find file.
[2020.10.09-16.50.23:364][  0]LogLinker: Warning: While loading '../../../../../GitRepo/UnrealCollab/Akintar/Content/Art/Meshes/RockGroup1/MeshBlend1_Inst3.uasset' failed to load '/Game/Art/RVT_Test/RVT_Land_Test_Height': Can't find file.
[2020.10.09-16.50.23:364][  0]LogLinker: Warning: While loading '../../../../../GitRepo/UnrealCollab/Akintar/Content/Art/Meshes/RockGroup1/MeshBlend1_Inst3.uasset' failed to load '/Game/Art/RVT_Test/RVT_Land_Test_Height': Can't find file.
[2020.10.09-16.50.23:752][  0]LogLinker: Warning: While loading '../../../../../GitRepo/UnrealCollab/Akintar/Content/Art/Meshes/RockGroup1/MeshBlend1_Inst3_Inst_Inst_Inst_Inst.uasset' failed to load '/Game/Art/RVT_Test/RVT_Land_Test': Can't find file.
[2020.10.09-16.50.23:752][  0]LogLinker: Warning: While loading '../../../../../GitRepo/UnrealCollab/Akintar/Content/Art/Meshes/RockGroup1/MeshBlend1_Inst3_Inst_Inst_Inst_Inst.uasset' failed to load '/Game/Art/RVT_Test/RVT_Land_Test': Can't find file.
[2020.10.09-16.50.23:752][  0]LogLinker: Warning: While loading '../../../../../GitRepo/UnrealCollab/Akintar/Content/Art/Meshes/RockGroup1/MeshBlend1_Inst3_Inst_Inst_Inst_Inst.uasset' failed to load '/Game/Art/RVT_Test/RVT_Land_Test_Height': Can't find file.
[2020.10.09-16.50.23:752][  0]LogLinker: Warning: While loading '../../../../../GitRepo/UnrealCollab/Akintar/Content/Art/Meshes/RockGroup1/MeshBlend1_Inst3_Inst_Inst_Inst_Inst.uasset' failed to load '/Game/Art/RVT_Test/RVT_Land_Test_Height': Can't find file.
[2020.10.09-16.50.23:752][  0]LogLinker: Warning: While loading '../../../../../GitRepo/UnrealCollab/Akintar/Content/Art/Meshes/RockGroup1/MeshBlend1_Inst3_Inst_Inst_Inst_Inst.uasset' failed to load '/Game/Art/RVT_Test/RVT_Land_Test': Can't find file.
[2020.10.09-16.50.23:752][  0]LogLinker: Warning: While loading '../../../../../GitRepo/UnrealCollab/Akintar/Content/Art/Meshes/RockGroup1/MeshBlend1_Inst3_Inst_Inst_Inst_Inst.uasset' failed to load '/Game/Art/RVT_Test/RVT_Land_Test': Can't find file.
[2020.10.09-16.50.23:752][  0]LogLinker: Warning: While loading '../../../../../GitRepo/UnrealCollab/Akintar/Content/Art/Meshes/RockGroup1/MeshBlend1_Inst3_Inst_Inst_Inst_Inst.uasset' failed to load '/Game/Art/RVT_Test/RVT_Land_Test_Height': Can't find file.
[2020.10.09-16.50.23:752][  0]LogLinker: Warning: While loading '../../../../../GitRepo/UnrealCollab/Akintar/Content/Art/Meshes/RockGroup1/MeshBlend1_Inst3_Inst_Inst_Inst_Inst.uasset' failed to load '/Game/Art/RVT_Test/RVT_Land_Test_Height': Can't find file.
[2020.10.09-16.50.23:885][  0]LogLinker: Warning: While loading '../../../../../GitRepo/UnrealCollab/Akintar/Content/Art/Meshes/RockGroup1/MeshBlend1_Inst3_Inst_Inst_Inst_Inst_Inst_Inst_Inst.uasset' failed to load '/Game/Art/RVT_Test/RVT_Land_Test': Can't find file.
[2020.10.09-16.50.23:885][  0]LogLinker: Warning: While loading '../../../../../GitRepo/UnrealCollab/Akintar/Content/Art/Meshes/RockGroup1/MeshBlend1_Inst3_Inst_Inst_Inst_Inst_Inst_Inst_Inst.uasset' failed to load '/Game/Art/RVT_Test/RVT_Land_Test': Can't find file.
[2020.10.09-16.50.23:885][  0]LogLinker: Warning: While loading '../../../../../GitRepo/UnrealCollab/Akintar/Content/Art/Meshes/RockGroup1/MeshBlend1_Inst3_Inst_Inst_Inst_Inst_Inst_Inst_Inst.uasset' failed to load '/Game/Art/RVT_Test/RVT_Land_Test_Height': Can't find file.
[2020.10.09-16.50.23:885][  0]LogLinker: Warning: While loading '../../../../../GitRepo/UnrealCollab/Akintar/Content/Art/Meshes/RockGroup1/MeshBlend1_Inst3_Inst_Inst_Inst_Inst_Inst_Inst_Inst.uasset' failed to load '/Game/Art/RVT_Test/RVT_Land_Test_Height': Can't find file.
[2020.10.09-16.50.23:885][  0]LogLinker: Warning: While loading '../../../../../GitRepo/UnrealCollab/Akintar/Content/Art/Meshes/RockGroup1/MeshBlend1_Inst3_Inst_Inst_Inst_Inst_Inst_Inst_Inst.uasset' failed to load '/Game/Art/RVT_Test/RVT_Land_Test': Can't find file.
[2020.10.09-16.50.23:886][  0]LogLinker: Warning: While loading '../../../../../GitRepo/UnrealCollab/Akintar/Content/Art/Meshes/RockGroup1/MeshBlend1_Inst3_Inst_Inst_Inst_Inst_Inst_Inst_Inst.uasset' failed to load '/Game/Art/RVT_Test/RVT_Land_Test': Can't find file.
[2020.10.09-16.50.23:886][  0]LogLinker: Warning: While loading '../../../../../GitRepo/UnrealCollab/Akintar/Content/Art/Meshes/RockGroup1/MeshBlend1_Inst3_Inst_Inst_Inst_Inst_Inst_Inst_Inst.uasset' failed to load '/Game/Art/RVT_Test/RVT_Land_Test_Height': Can't find file.
[2020.10.09-16.50.23:886][  0]LogLinker: Warning: While loading '../../../../../GitRepo/UnrealCollab/Akintar/Content/Art/Meshes/RockGroup1/MeshBlend1_Inst3_Inst_Inst_Inst_Inst_Inst_Inst_Inst.uasset' failed to load '/Game/Art/RVT_Test/RVT_Land_Test_Height': Can't find file.
[2020.10.09-16.50.26:261][  0]LogLinker: Warning: While loading '../../../../../GitRepo/UnrealCollab/Akintar/Content/Art/Meshes/RockGroup1/MeshBlend1_Inst3_Inst_Inst_Inst_Inst_Inst_Inst_Inst.uasset' failed to load '/Game/Art/RVT_Test/RVT_Land_Test_Height': Can't find file.
[2020.10.09-16.50.26:261][  0]LoadErrors: Failed to load /Game/Art/RVT_Test/RVT_Land_Test_Height.RVT_Land_Test_Height Referenced by MeshBlend1_Inst3_Inst_Inst_Inst_Inst_Inst_Inst_Inst
[2020.10.09-16.50.26:261][  0]LogLinker: Warning: While loading '../../../../../GitRepo/UnrealCollab/Akintar/Content/Art/Meshes/RockGroup1/MeshBlend1_Inst3_Inst_Inst_Inst_Inst_Inst_Inst_Inst.uasset' failed to load '/Game/Art/RVT_Test/RVT_Land_Test_Height': Can't find file.
[2020.10.09-16.50.26:261][  0]LoadErrors: Failed to load /Game/Art/RVT_Test/RVT_Land_Test_Height.RVT_Land_Test_Height Referenced by MeshBlend1_Inst3_Inst_Inst_Inst_Inst_Inst_Inst_Inst
[2020.10.09-16.50.26:261][  0]LogLinker: Warning: While loading '../../../../../GitRepo/UnrealCollab/Akintar/Content/Art/Meshes/RockGroup1/MeshBlend1_Inst3_Inst_Inst_Inst_Inst_Inst_Inst_Inst.uasset' failed to load '/Game/Art/RVT_Test/RVT_Land_Test': Can't find file.
[2020.10.09-16.50.26:261][  0]LoadErrors: Failed to load /Game/Art/RVT_Test/RVT_Land_Test.RVT_Land_Test Referenced by MeshBlend1_Inst3_Inst_Inst_Inst_Inst_Inst_Inst_Inst
[2020.10.09-16.50.26:261][  0]LogLinker: Warning: While loading '../../../../../GitRepo/UnrealCollab/Akintar/Content/Art/Meshes/RockGroup1/MeshBlend1_Inst3_Inst_Inst_Inst_Inst_Inst_Inst_Inst.uasset' failed to load '/Game/Art/RVT_Test/RVT_Land_Test': Can't find file.
[2020.10.09-16.50.26:261][  0]LoadErrors: Failed to load /Game/Art/RVT_Test/RVT_Land_Test.RVT_Land_Test Referenced by MeshBlend1_Inst3_Inst_Inst_Inst_Inst_Inst_Inst_Inst
[2020.10.09-16.50.26:262][  0]LogLinker: Warning: While loading '../../../../../GitRepo/UnrealCollab/Akintar/Content/Art/Meshes/RockGroup1/MeshBlend1_Inst3_Inst_Inst_Inst_Inst.uasset' failed to load '/Game/Art/RVT_Test/RVT_Land_Test_Height': Can't find file.
[2020.10.09-16.50.26:262][  0]LoadErrors: Failed to load /Game/Art/RVT_Test/RVT_Land_Test_Height.RVT_Land_Test_Height Referenced by MeshBlend1_Inst3_Inst_Inst_Inst_Inst
[2020.10.09-16.50.26:262][  0]LogLinker: Warning: While loading '../../../../../GitRepo/UnrealCollab/Akintar/Content/Art/Meshes/RockGroup1/MeshBlend1_Inst3_Inst_Inst_Inst_Inst.uasset' failed to load '/Game/Art/RVT_Test/RVT_Land_Test_Height': Can't find file.
[2020.10.09-16.50.26:262][  0]LoadErrors: Failed to load /Game/Art/RVT_Test/RVT_Land_Test_Height.RVT_Land_Test_Height Referenced by MeshBlend1_Inst3_Inst_Inst_Inst_Inst
[2020.10.09-16.50.26:262][  0]LogLinker: Warning: While loading '../../../../../GitRepo/UnrealCollab/Akintar/Content/Art/Meshes/RockGroup1/MeshBlend1_Inst3_Inst_Inst_Inst_Inst.uasset' failed to load '/Game/Art/RVT_Test/RVT_Land_Test': Can't find file.
[2020.10.09-16.50.26:262][  0]LoadErrors: Failed to load /Game/Art/RVT_Test/RVT_Land_Test.RVT_Land_Test Referenced by MeshBlend1_Inst3_Inst_Inst_Inst_Inst
[2020.10.09-16.50.26:262][  0]LogLinker: Warning: While loading '../../../../../GitRepo/UnrealCollab/Akintar/Content/Art/Meshes/RockGroup1/MeshBlend1_Inst3_Inst_Inst_Inst_Inst.uasset' failed to load '/Game/Art/RVT_Test/RVT_Land_Test': Can't find file.
[2020.10.09-16.50.26:262][  0]LoadErrors: Failed to load /Game/Art/RVT_Test/RVT_Land_Test.RVT_Land_Test Referenced by MeshBlend1_Inst3_Inst_Inst_Inst_Inst
[2020.10.09-16.50.26:291][  0]LogLinker: Warning: While loading '../../../../../GitRepo/UnrealCollab/Akintar/Content/Art/Meshes/RockGroup1/MeshBlend1_Inst3.uasset' failed to load '/Game/Art/RVT_Test/RVT_Land_Test_Height': Can't find file.
[2020.10.09-16.50.26:291][  0]LoadErrors: Failed to load /Game/Art/RVT_Test/RVT_Land_Test_Height.RVT_Land_Test_Height Referenced by MeshBlend1_Inst3
[2020.10.09-16.50.26:291][  0]LogLinker: Warning: While loading '../../../../../GitRepo/UnrealCollab/Akintar/Content/Art/Meshes/RockGroup1/MeshBlend1_Inst3.uasset' failed to load '/Game/Art/RVT_Test/RVT_Land_Test_Height': Can't find file.
[2020.10.09-16.50.26:291][  0]LoadErrors: Failed to load /Game/Art/RVT_Test/RVT_Land_Test_Height.RVT_Land_Test_Height Referenced by MeshBlend1_Inst3
[2020.10.09-16.50.26:291][  0]LogLinker: Warning: While loading '../../../../../GitRepo/UnrealCollab/Akintar/Content/Art/Meshes/RockGroup1/MeshBlend1_Inst3.uasset' failed to load '/Game/Art/RVT_Test/RVT_Land_Test': Can't find file.
[2020.10.09-16.50.26:291][  0]LoadErrors: Failed to load /Game/Art/RVT_Test/RVT_Land_Test.RVT_Land_Test Referenced by MeshBlend1_Inst3
[2020.10.09-16.50.26:291][  0]LogLinker: Warning: While loading '../../../../../GitRepo/UnrealCollab/Akintar/Content/Art/Meshes/RockGroup1/MeshBlend1_Inst3.uasset' failed to load '/Game/Art/RVT_Test/RVT_Land_Test': Can't find file.
[2020.10.09-16.50.26:291][  0]LoadErrors: Failed to load /Game/Art/RVT_Test/RVT_Land_Test.RVT_Land_Test Referenced by MeshBlend1_Inst3
[2020.10.09-16.50.34:388][  0]LogAIModule: Creating AISystem for world Akintar_David
[2020.10.09-16.50.34:388][  0]LogAISub: UAISubsystem::UAISubsystem EnvQueryManager (000002A018267E00), frame # 0
[2020.10.09-16.50.34:388][  0]LogAISub: UAISubsystem::UAISubsystem AIPerceptionSystem (000002A01826FB00), frame # 0
[2020.10.09-16.51.42:758][  0]LogEditorServer: Finished looking for orphan Actors (0.000 secs)
[2020.10.09-16.51.42:821][  0]LogUObjectHash: Compacting FUObjectHashTables data took   0.78ms
[2020.10.09-16.51.42:822][  0]Cmd: MAP CHECKDEP NOCLEARLOG
[2020.10.09-16.51.42:822][  0]MapCheck: Map check complete: 0 Error(s), 0 Warning(s), took 0.084ms to complete.
[2020.10.09-16.51.42:822][  0]LogFileHelpers: Loading map 'Akintar_David' took 81.990
[2020.10.09-16.51.42:838][  0]LogUnrealEdMisc: Total Editor Startup Time, took 101.486
[2020.10.09-16.51.43:723][  0]LogSlate: Updating window title bar state: overlay mode, drag disabled, window buttons hidden, title bar hidden
[2020.10.09-16.51.43:739][  0]LogSlate: Updating window title bar state: overlay mode, drag disabled, window buttons hidden, title bar hidden
[2020.10.09-16.51.43:746][  0]LogSlate: Updating window title bar state: overlay mode, drag disabled, window buttons hidden, title bar hidden
[2020.10.09-16.51.43:752][  0]LogSlate: Updating window title bar state: overlay mode, drag disabled, window buttons hidden, title bar hidden
[2020.10.09-16.51.43:823][  0]LogCollectionManager: Loaded 0 collections in 0.000897 seconds
[2020.10.09-16.51.44:787][  0]LogFileCache: Scanning file cache for directory 'D:/GitRepo/UnrealCollab/Akintar/Saved/Collections/' took 0.00s
[2020.10.09-16.51.44:787][  0]LogFileCache: Scanning file cache for directory 'D:/GitRepo/UnrealCollab/Akintar/Content/Developers/theyu/Collections/' took 0.00s
[2020.10.09-16.51.44:787][  0]LogFileCache: Scanning file cache for directory 'D:/GitRepo/UnrealCollab/Akintar/Content/Collections/' took 0.00s
[2020.10.09-16.51.44:787][  0]LogContentBrowser: Native class hierarchy populated in 0.0090 seconds. Added 3427 classes and 821 folders.
[2020.10.09-16.51.44:867][  0]LogContentBrowser: Native class hierarchy updated for 'WidgetCarousel' in 0.0003 seconds. Added 0 classes and 0 folders.
[2020.10.09-16.51.47:016][  0]LogContentBrowser: Native class hierarchy updated for 'AddContentDialog' in 0.0003 seconds. Added 0 classes and 0 folders.
[2020.10.09-16.51.47:055][  0]LogContentBrowser: Native class hierarchy updated for 'SceneOutliner' in 0.0003 seconds. Added 2 classes and 0 folders.
[2020.10.09-16.51.47:656][  0]LogSlate: Took 0.000198 seconds to synchronously load lazily loaded font '../../../Engine/Content/Slate/Fonts/Roboto-Regular.ttf' (155K)
[2020.10.09-16.51.47:850][  0]LogSlate: Took 0.000200 seconds to synchronously load lazily loaded font '../../../Engine/Content/Slate/Fonts/Roboto-Bold.ttf' (160K)
[2020.10.09-16.51.48:376][  0]LogSlate: Took 0.438890 seconds to synchronously load lazily loaded font '../../../Engine/Content/Editor/Slate/Fonts/FontAwesome.ttf' (139K)
[2020.10.09-16.51.49:041][  0]LogRenderer: Reallocating scene render targets to support 964x460 Format 10 NumSamples 1 (Frame:1).
[2020.10.09-16.51.49:574][  0]LogContentBrowser: Native class hierarchy updated for 'HierarchicalLODOutliner' in 0.0003 seconds. Added 0 classes and 0 folders.
[2020.10.09-16.51.49:574][  0]LogLoad: (Engine Initialization) Total time: 108.22 seconds
[2020.10.09-16.51.49:574][  0]LogLoad: (Engine Initialization) Total Blueprint compile time: 0.00 seconds
[2020.10.09-16.51.49:633][  0]LogAssetRegistry: Asset discovery search completed in 100.6549 seconds
[2020.10.09-16.51.49:637][  0]LogCollectionManager: Fixed up redirectors for 0 collections in 0.000034 seconds (updated 0 objects)
[2020.10.09-16.51.49:792][  0]LogContentStreaming: Texture pool size now 1000 MB
[2020.10.09-16.51.49:998][  0]LogSlate: Took 0.019206 seconds to synchronously load lazily loaded font '../../../Engine/Content/Slate/Fonts/Roboto-Light.ttf' (167K)
[2020.10.09-16.51.50:064][  0]LogSlate: Took 0.033176 seconds to synchronously load lazily loaded font '../../../Engine/Content/Slate/Fonts/DroidSansMono.ttf' (77K)
[2020.10.09-16.51.53:562][ 65]LogSlate: Window 'Message Log' being destroyed
[2020.10.09-16.51.53:572][ 65]LogSlate: Window 'Message Log' being destroyed
[2020.10.09-16.51.54:619][ 92]LogTemp: Repeating last play command: Selected Viewport
[2020.10.09-16.51.55:206][ 92]LogPlayLevel: PlayLevel: No blueprints needed recompiling
[2020.10.09-16.51.55:254][ 92]PIE: New page: PIE session: Akintar_David (Oct 9, 2020, 2:51:55 AM)
[2020.10.09-16.51.55:479][ 92]LogOnline: OSS: Creating online subsystem instance for: NULL
[2020.10.09-16.51.55:690][ 92]LogOnline: OSS: TryLoadSubsystemAndSetDefault: Loaded subsystem for module [NULL]
[2020.10.09-16.51.55:743][ 92]LogPlayLevel: Creating play world package: /Game/Art/UEDPIE_0_Akintar_David
[2020.10.09-16.51.58:523][ 92]LogPlayLevel: PIE: StaticDuplicateObject took: (2.779747s)
[2020.10.09-16.51.58:524][ 92]LogAIModule: Creating AISystem for world Akintar_David
[2020.10.09-16.51.58:524][ 92]LogAISub: UAISubsystem::UAISubsystem EnvQueryManager (000002A0ACF3E400), frame # 92
[2020.10.09-16.51.58:524][ 92]LogAISub: UAISubsystem::UAISubsystem AIPerceptionSystem (000002A06170AAC0), frame # 92
[2020.10.09-16.51.58:532][ 92]LogPlayLevel: PIE: World Init took: (0.008647s)
[2020.10.09-16.51.58:532][ 92]LogPlayLevel: PIE: Created PIE world by copying editor world from /Game/Art/Akintar_David.Akintar_David to /Game/Art/UEDPIE_0_Akintar_David.Akintar_David (2.788617s)
[2020.10.09-16.51.58:541][ 92]LogUObjectHash: Compacting FUObjectHashTables data took   0.67ms
[2020.10.09-16.51.58:544][ 92]LogAudioMixer: Display: Audio Mixer Platform Settings:
[2020.10.09-16.51.58:544][ 92]LogAudioMixer: Display: 	Sample Rate:						  48000
[2020.10.09-16.51.58:544][ 92]LogAudioMixer: Display: 	Callback Buffer Frame Size Requested: 1024
[2020.10.09-16.51.58:544][ 92]LogAudioMixer: Display: 	Callback Buffer Frame Size To Use:	  1024
[2020.10.09-16.51.58:544][ 92]LogAudioMixer: Display: 	Number of buffers to queue:			  2
[2020.10.09-16.51.58:544][ 92]LogAudioMixer: Display: 	Max Channels (voices):				  32
[2020.10.09-16.51.58:544][ 92]LogAudioMixer: Display: 	Number of Async Source Workers:		  0
[2020.10.09-16.51.58:544][ 92]LogAudio: Display: AudioDevice MaxSources: 32
[2020.10.09-16.51.58:544][ 92]LogAudio: Display: Using built-in audio occlusion.
[2020.10.09-16.51.58:544][ 92]LogAudioMixer: Display: Initializing audio mixer.
[2020.10.09-16.51.58:550][ 92]LogAudioMixer: Display: 0: FrontLeft
[2020.10.09-16.51.58:550][ 92]LogAudioMixer: Display: 1: FrontRight
[2020.10.09-16.51.58:550][ 92]LogAudioMixer: Display: 2: FrontCenter
[2020.10.09-16.51.58:550][ 92]LogAudioMixer: Display: 3: LowFrequency
[2020.10.09-16.51.58:550][ 92]LogAudioMixer: Display: 4: BackLeft
[2020.10.09-16.51.58:550][ 92]LogAudioMixer: Display: 5: BackRight
[2020.10.09-16.51.58:550][ 92]LogAudioMixer: Display: 6: SideLeft
[2020.10.09-16.51.58:550][ 92]LogAudioMixer: Display: 7: SideRight
[2020.10.09-16.51.58:612][ 92]LogAudioMixer: Display: Using Audio Device Speakers/Headphones (3- Realtek(R) Audio)
[2020.10.09-16.51.58:613][ 92]LogAudioMixer: Display: Initializing Sound Submixes...
[2020.10.09-16.51.58:613][ 92]LogAudioMixer: Display: Creating Master Submix 'MasterSubmixDefault'
[2020.10.09-16.51.58:613][ 92]LogAudioMixer: Display: Creating Master Submix 'MasterReverbSubmixDefault'
[2020.10.09-16.51.58:613][ 92]LogAudioMixer: Display: Creating Master Submix 'MasterEQSubmixDefault'
[2020.10.09-16.51.58:628][ 92]LogInit: FAudioDevice initialized.
[2020.10.09-16.51.59:484][ 92]LogLoad: Game class is 'Akintar_GameMode_C'
[2020.10.09-16.51.59:528][ 92]LogWorld: Bringing World /Game/Art/UEDPIE_0_Akintar_David.Akintar_David up for play (max tick rate 60) at 2020.10.09-09.51.59
[2020.10.09-16.51.59:528][ 92]LogWorld: Bringing up level for play took: 0.016857
[2020.10.09-16.51.59:528][ 92]LogOnline: OSS: Creating online subsystem instance for: :Context_1
[2020.10.09-16.51.59:575][ 92]LogContentBrowser: Native class hierarchy updated for 'MovieSceneCapture' in 0.0003 seconds. Added 20 classes and 0 folders.
[2020.10.09-16.51.59:627][ 92]PIE: Server logged in
[2020.10.09-16.51.59:638][ 92]PIE: Play in editor total start time 5.003 seconds.
[2020.10.09-16.52.06:397][428]LogSlate: Updating window title bar state: overlay mode, drag disabled, window buttons hidden, title bar hidden
[2020.10.09-16.52.06:397][428]LogWorld: BeginTearingDown for /Game/Art/UEDPIE_0_Akintar_David
[2020.10.09-16.52.06:398][428]LogWorld: UWorld::CleanupWorld for Akintar_David, bSessionEnded=true, bCleanupResources=true
[2020.10.09-16.52.06:401][428]LogSlate: InvalidateAllWidgets triggered.  All widgets were invalidated
[2020.10.09-16.52.06:411][428]LogPlayLevel: Display: Shutting down PIE online subsystems
[2020.10.09-16.52.06:412][428]LogSlate: InvalidateAllWidgets triggered.  All widgets were invalidated
[2020.10.09-16.52.06:450][428]LogSlate: Updating window title bar state: overlay mode, drag disabled, window buttons hidden, title bar hidden
[2020.10.09-16.52.06:519][428]LogAISub: UAISubsystem::~UAISubsystem EnvQueryManager (000002A0ACF3E400), frame # 428
[2020.10.09-16.52.06:519][428]LogAISub: UAISubsystem::~UAISubsystem AIPerceptionSystem (000002A06170AAC0), frame # 428
[2020.10.09-16.52.06:521][428]LogUObjectHash: Compacting FUObjectHashTables data took   1.57ms
[2020.10.09-16.52.06:562][429]LogPlayLevel: Display: Destroying online subsystem :Context_1
[2020.10.09-16.52.21:411][773]LogObjectTools: Deleting 1 worlds: /Game/Art/Akintar_David.Akintar_David
[2020.10.09-16.52.21:411][773]LogObjectTools: Currently 1 active worlds: /Game/Art/Akintar_David.Akintar_David
[2020.10.09-16.52.23:574][773]LogSlate: Window 'Unable to delete level' being destroyed
[2020.10.09-16.52.23:576][773]Message dialog closed, result: Ok, title: Unable to delete level, text: Unable to delete level while it is open
[2020.10.09-16.52.25:778][793]LogSlate: Took 0.000182 seconds to synchronously load lazily loaded font '../../../Engine/Content/Slate/Fonts/Roboto-Light.ttf' (167K)
[2020.10.09-16.52.25:799][793]LogAssetEditorSubsystem: Opening Asset editor for World /Game/Art/Akintar_David1.Akintar_David1
[2020.10.09-16.52.25:860][793]LogUObjectHash: Compacting FUObjectHashTables data took   0.96ms
[2020.10.09-16.52.28:269][793]LogSlate: Window 'Save Content' being destroyed
[2020.10.09-16.52.28:271][793]Cmd: MAP LOAD FILE="../../../../../GitRepo/UnrealCollab/Akintar/Content/Art/Akintar_David1.umap" TEMPLATE=0 SHOWPROGRESS=1 FEATURELEVEL=3
[2020.10.09-16.52.28:273][793]LightingResults: New page: Lighting Build
[2020.10.09-16.52.28:273][793]LoadErrors: New page: Loading map: Akintar_David1.umap
[2020.10.09-16.52.28:306][793]LogWorld: UWorld::CleanupWorld for Akintar_David, bSessionEnded=true, bCleanupResources=true
[2020.10.09-16.52.28:306][793]LogSlate: InvalidateAllWidgets triggered.  All widgets were invalidated
[2020.10.09-16.52.28:307][793]MapCheck: New page: Map Check
[2020.10.09-16.52.28:307][793]LightingResults: New page: Lighting Build
[2020.10.09-16.52.28:427][793]LogAISub: UAISubsystem::~UAISubsystem EnvQueryManager (000002A018267E00), frame # 793
[2020.10.09-16.52.28:427][793]LogAISub: UAISubsystem::~UAISubsystem AIPerceptionSystem (000002A01826FB00), frame # 793
[2020.10.09-16.52.28:428][793]LogUObjectHash: Compacting FUObjectHashTables data took   0.92ms
[2020.10.09-16.52.29:008][793]LogEditorServer: Finished looking for orphan Actors (0.000 secs)
[2020.10.09-16.52.29:008][793]LogAIModule: Creating AISystem for world Akintar_David1
[2020.10.09-16.52.29:008][793]LogAISub: UAISubsystem::UAISubsystem EnvQueryManager (000002A013EC8600), frame # 793
[2020.10.09-16.52.29:008][793]LogAISub: UAISubsystem::UAISubsystem AIPerceptionSystem (000002A011E4EFC0), frame # 793
[2020.10.09-16.52.29:074][793]LogUObjectHash: Compacting FUObjectHashTables data took   0.80ms
[2020.10.09-16.52.29:103][793]Cmd: MAP CHECKDEP NOCLEARLOG
[2020.10.09-16.52.29:103][793]MapCheck: Map check complete: 0 Error(s), 0 Warning(s), took 0.084ms to complete.
[2020.10.09-16.52.29:103][793]LogFileHelpers: Loading map 'Akintar_David1' took 0.831
[2020.10.09-16.52.32:447][821]LogObjectTools: Deleting 1 worlds: /Game/Art/Akintar_David.Akintar_David
[2020.10.09-16.52.32:447][821]LogObjectTools: Currently 1 active worlds: /Game/Art/Akintar_David1.Akintar_David1
[2020.10.09-16.52.32:628][821]LogUObjectHash: Compacting FUObjectHashTables data took   0.58ms
[2020.10.09-16.52.36:164][821]LogSlate: Window 'Delete Assets' being destroyed
[2020.10.09-16.52.36:747][821]LogUObjectGlobals: Force Deleting 2 Package(s):
	Asset Name: /Game/Art/Akintar_David.Akintar_David
	Asset Name: /Game/Art/Akintar_David_BuiltData.Akintar_David_BuiltData
[2020.10.09-16.52.45:104][821]LogWorld: UWorld::CleanupWorld for Akintar_David, bSessionEnded=true, bCleanupResources=true
[2020.10.09-16.52.45:105][821]LogSlate: InvalidateAllWidgets triggered.  All widgets were invalidated
[2020.10.09-16.52.45:928][821]LogUObjectHash: Compacting FUObjectHashTables data took   0.69ms
[2020.10.09-16.52.45:946][821]LogUObjectHash: Compacting FUObjectHashTables data took   0.46ms
[2020.10.09-16.52.45:955][821]LogUObjectHash: Compacting FUObjectHashTables data took   0.29ms
[2020.10.09-16.52.45:965][821]LogUObjectHash: Compacting FUObjectHashTables data took   0.25ms
[2020.10.09-16.52.51:577][944]LogUObjectHash: Compacting FUObjectHashTables data took   0.28ms
[2020.10.09-16.52.52:746][944]Cmd: OBJ SAVEPACKAGE PACKAGE="/Game/Art/Akintar_David1" FILE="../../../../../GitRepo/UnrealCollab/Akintar/Content/Art/Akintar_David1.umap" SILENT=true AUTOSAVING=false KEEPDIRTY=false
[2020.10.09-16.52.52:768][944]LogUObjectHash: Compacting FUObjectHashTables data took   0.41ms
[2020.10.09-16.52.54:318][944]LogSavePackage: Moving '../../../../../GitRepo/UnrealCollab/Akintar/Saved/Akintar_David180C8F75842967AD16EA838915629F010.tmp' to '../../../../../GitRepo/UnrealCollab/Akintar/Content/Art/Akintar_David1.umap'
[2020.10.09-16.52.54:750][944]LogFileHelpers: Saving map 'Akintar_David1' took 2.005
[2020.10.09-16.52.54:796][944]AssetCheck: New page: Asset Save: Akintar_David1
[2020.10.09-16.52.54:796][944]LogContentValidation: Display: Validating World /Game/Art/Akintar_David1.Akintar_David1
